This is pdfTeX, Version 3.141592653-2.6-1.40.25 (MiKTeX 23.10) (preloaded format=pdflatex 2024.1.28)  16 MAR 2024 10:48
entering extended mode
 restricted \write18 enabled.
 file:line:error style messages enabled.
 %&-line parsing enabled.
**"c:/Users/jck_5/Desktop/myFiles/Courses/Term3/Engineering Mathematics/Project/Project_401102694/latex/project.tex"
(c:/Users/jck_5/Desktop/myFiles/Courses/Term3/Engineering Mathematics/Project/Project_401102694/latex/project.tex
LaTeX2e <2023-06-01> patch level 1
L3 programming layer <2023-08-29>
(C:\Users\jck_5\AppData\Local\Programs\MiKTeX\tex/latex/base\article.cls
Document Class: article 2023/05/17 v1.4n Standard LaTeX document class
(C:\Users\jck_5\AppData\Local\Programs\MiKTeX\tex/latex/base\size11.clo
File: size11.clo 2023/05/17 v1.4n Standard LaTeX file (size option)
)
\c@part=\count185
\c@section=\count186
\c@subsection=\count187
\c@subsubsection=\count188
\c@paragraph=\count189
\c@subparagraph=\count190
\c@figure=\count191
\c@table=\count192
\abovecaptionskip=\skip48
\belowcaptionskip=\skip49
\bibindent=\dimen140
) (C:\Users\jck_5\AppData\Local\Programs\MiKTeX\tex/latex/geometry\geometry.sty
Package: geometry 2020/01/02 v5.9 Page Geometry
 (C:\Users\jck_5\AppData\Local\Programs\MiKTeX\tex/latex/graphics\keyval.sty
Package: keyval 2022/05/29 v1.15 key=value parser (DPC)
\KV@toks@=\toks17
) (C:\Users\jck_5\AppData\Local\Programs\MiKTeX\tex/generic/iftex\ifvtex.sty
Package: ifvtex 2019/10/25 v1.7 ifvtex legacy package. Use iftex instead.
 (C:\Users\jck_5\AppData\Local\Programs\MiKTeX\tex/generic/iftex\iftex.sty
Package: iftex 2022/02/03 v1.0f TeX engine tests
))
\Gm@cnth=\count193
\Gm@cntv=\count194
\c@Gm@tempcnt=\count195
\Gm@bindingoffset=\dimen141
\Gm@wd@mp=\dimen142
\Gm@odd@mp=\dimen143
\Gm@even@mp=\dimen144
\Gm@layoutwidth=\dimen145
\Gm@layoutheight=\dimen146
\Gm@layouthoffset=\dimen147
\Gm@layoutvoffset=\dimen148
\Gm@dimlist=\toks18
 (C:\Users\jck_5\AppData\Local\Programs\MiKTeX\tex/latex/geometry\geometry.cfg)) (C:\Users\jck_5\AppData\Local\Programs\MiKTeX\tex/latex/amsfonts\amsfonts.sty
Package: amsfonts 2013/01/14 v3.01 Basic AMSFonts support
\@emptytoks=\toks19
\symAMSa=\mathgroup4
\symAMSb=\mathgroup5
LaTeX Font Info:    Redeclaring math symbol \hbar on input line 98.
LaTeX Font Info:    Overwriting math alphabet `\mathfrak' in version `bold'
(Font)                  U/euf/m/n --> U/euf/b/n on input line 106.
) (C:\Users\jck_5\AppData\Local\Programs\MiKTeX\tex/latex/amsmath\amsmath.sty
Package: amsmath 2023/05/13 v2.17o AMS math features
\@mathmargin=\skip50

For additional information on amsmath, use the `?' option.
(C:\Users\jck_5\AppData\Local\Programs\MiKTeX\tex/latex/amsmath\amstext.sty
Package: amstext 2021/08/26 v2.01 AMS text
 (C:\Users\jck_5\AppData\Local\Programs\MiKTeX\tex/latex/amsmath\amsgen.sty
File: amsgen.sty 1999/11/30 v2.0 generic functions
\@emptytoks=\toks20
\ex@=\dimen149
)) (C:\Users\jck_5\AppData\Local\Programs\MiKTeX\tex/latex/amsmath\amsbsy.sty
Package: amsbsy 1999/11/29 v1.2d Bold Symbols
\pmbraise@=\dimen150
) (C:\Users\jck_5\AppData\Local\Programs\MiKTeX\tex/latex/amsmath\amsopn.sty
Package: amsopn 2022/04/08 v2.04 operator names
)
\inf@bad=\count196
LaTeX Info: Redefining \frac on input line 234.
\uproot@=\count197
\leftroot@=\count198
LaTeX Info: Redefining \overline on input line 399.
LaTeX Info: Redefining \colon on input line 410.
\classnum@=\count199
\DOTSCASE@=\count266
LaTeX Info: Redefining \ldots on input line 496.
LaTeX Info: Redefining \dots on input line 499.
LaTeX Info: Redefining \cdots on input line 620.
\Mathstrutbox@=\box51
\strutbox@=\box52
LaTeX Info: Redefining \big on input line 722.
LaTeX Info: Redefining \Big on input line 723.
LaTeX Info: Redefining \bigg on input line 724.
LaTeX Info: Redefining \Bigg on input line 725.
\big@size=\dimen151
LaTeX Font Info:    Redeclaring font encoding OML on input line 743.
LaTeX Font Info:    Redeclaring font encoding OMS on input line 744.
\macc@depth=\count267
LaTeX Info: Redefining \bmod on input line 905.
LaTeX Info: Redefining \pmod on input line 910.
LaTeX Info: Redefining \smash on input line 940.
LaTeX Info: Redefining \relbar on input line 970.
LaTeX Info: Redefining \Relbar on input line 971.
\c@MaxMatrixCols=\count268
\dotsspace@=\muskip16
\c@parentequation=\count269
\dspbrk@lvl=\count270
\tag@help=\toks21
\row@=\count271
\column@=\count272
\maxfields@=\count273
\andhelp@=\toks22
\eqnshift@=\dimen152
\alignsep@=\dimen153
\tagshift@=\dimen154
\tagwidth@=\dimen155
\totwidth@=\dimen156
\lineht@=\dimen157
\@envbody=\toks23
\multlinegap=\skip51
\multlinetaggap=\skip52
\mathdisplay@stack=\toks24
LaTeX Info: Redefining \[ on input line 2953.
LaTeX Info: Redefining \] on input line 2954.
) (C:\Users\jck_5\AppData\Local\Programs\MiKTeX\tex/latex/amsfonts\amssymb.sty
Package: amssymb 2013/01/14 v3.01 AMS font symbols
) (C:\Users\jck_5\AppData\Local\Programs\MiKTeX\tex/latex/hyphenat\hyphenat.sty
Package: hyphenat 2009/09/02 v2.3c hyphenation utilities
\langwohyphens=\language79
LaTeX Info: Redefining \_ on input line 43.
) (C:\Users\jck_5\AppData\Local\Programs\MiKTeX\tex/latex/fancyhdr\fancyhdr.sty
Package: fancyhdr 2022/11/09 v4.1 Extensive control of page headers and footers
\f@nch@headwidth=\skip53
\f@nch@O@elh=\skip54
\f@nch@O@erh=\skip55
\f@nch@O@olh=\skip56
\f@nch@O@orh=\skip57
\f@nch@O@elf=\skip58
\f@nch@O@erf=\skip59
\f@nch@O@olf=\skip60
\f@nch@O@orf=\skip61
) (C:\Users\jck_5\AppData\Local\Programs\MiKTeX\tex/latex/graphics\graphicx.sty
Package: graphicx 2021/09/16 v1.2d Enhanced LaTeX Graphics (DPC,SPQR)
 (C:\Users\jck_5\AppData\Local\Programs\MiKTeX\tex/latex/graphics\graphics.sty
Package: graphics 2022/03/10 v1.4e Standard LaTeX Graphics (DPC,SPQR)
 (C:\Users\jck_5\AppData\Local\Programs\MiKTeX\tex/latex/graphics\trig.sty
Package: trig 2021/08/11 v1.11 sin cos tan (DPC)
) (C:\Users\jck_5\AppData\Local\Programs\MiKTeX\tex/latex/graphics-cfg\graphics.cfg
File: graphics.cfg 2016/06/04 v1.11 sample graphics configuration
)
Package graphics Info: Driver file: pdftex.def on input line 107.
 (C:\Users\jck_5\AppData\Local\Programs\MiKTeX\tex/latex/graphics-def\pdftex.def
File: pdftex.def 2022/09/22 v1.2b Graphics/color driver for pdftex
))
\Gin@req@height=\dimen158
\Gin@req@width=\dimen159
) (C:\Users\jck_5\AppData\Local\Programs\MiKTeX\tex/latex/float\float.sty
Package: float 2001/11/08 v1.3d Float enhancements (AL)
\c@float@type=\count274
\float@exts=\toks25
\float@box=\box53
\@float@everytoks=\toks26
\@floatcapt=\box54
) (C:\Users\jck_5\AppData\Local\Programs\MiKTeX\tex/latex/tocbibind\tocbibind.sty
Package: tocbibind 2010/10/13 v1.5k extra ToC listings
Package tocbibind Info: The document has section divisions on input line 50.


Package tocbibind Note: Using section or other style headings.

) (C:\Users\jck_5\AppData\Local\Programs\MiKTeX\tex/latex/listings\listings.sty
\lst@mode=\count275
\lst@gtempboxa=\box55
\lst@token=\toks27
\lst@length=\count276
\lst@currlwidth=\dimen160
\lst@column=\count277
\lst@pos=\count278
\lst@lostspace=\dimen161
\lst@width=\dimen162
\lst@newlines=\count279
\lst@lineno=\count280
\lst@maxwidth=\dimen163
 (C:\Users\jck_5\AppData\Local\Programs\MiKTeX\tex/latex/listings\lstmisc.sty
File: lstmisc.sty 2023/02/27 1.9 (Carsten Heinz)
\c@lstnumber=\count281
\lst@skipnumbers=\count282
\lst@framebox=\box56
) (C:\Users\jck_5\AppData\Local\Programs\MiKTeX\tex/latex/listings\listings.cfg
File: listings.cfg 2023/02/27 1.9 listings configuration
))
Package: listings 2023/02/27 1.9 (Carsten Heinz)
 (C:\Users\jck_5\AppData\Local\Programs\MiKTeX\tex/latex/graphics\color.sty
Package: color 2022/01/06 v1.3d Standard LaTeX Color (DPC)
 (C:\Users\jck_5\AppData\Local\Programs\MiKTeX\tex/latex/graphics-cfg\color.cfg
File: color.cfg 2016/01/02 v1.6 sample color configuration
)
Package color Info: Driver file: pdftex.def on input line 149.
 (C:\Users\jck_5\AppData\Local\Programs\MiKTeX\tex/latex/graphics\mathcolor.ltx)) (C:\Users\jck_5\AppData\Local\Programs\MiKTeX\tex/latex/l3backend\l3backend-pdftex.def
File: l3backend-pdftex.def 2023-04-19 L3 backend support: PDF output (pdfTeX)
\l__color_backend_stack_int=\count283
\l__pdf_internal_box=\box57
) (project.aux)
\openout1 = `project.aux'.

LaTeX Font Info:    Checking defaults for OML/cmm/m/it on input line 27.
LaTeX Font Info:    ... okay on input line 27.
LaTeX Font Info:    Checking defaults for OMS/cmsy/m/n on input line 27.
LaTeX Font Info:    ... okay on input line 27.
LaTeX Font Info:    Checking defaults for OT1/cmr/m/n on input line 27.
LaTeX Font Info:    ... okay on input line 27.
LaTeX Font Info:    Checking defaults for T1/cmr/m/n on input line 27.
LaTeX Font Info:    ... okay on input line 27.
LaTeX Font Info:    Checking defaults for TS1/cmr/m/n on input line 27.
LaTeX Font Info:    ... okay on input line 27.
LaTeX Font Info:    Checking defaults for OMX/cmex/m/n on input line 27.
LaTeX Font Info:    ... okay on input line 27.
LaTeX Font Info:    Checking defaults for U/cmr/m/n on input line 27.
LaTeX Font Info:    ... okay on input line 27.

*geometry* driver: auto-detecting
*geometry* detected driver: pdftex
*geometry* verbose mode - [ preamble ] result:
* driver: pdftex
* paper: <default>
* layout: <same size as paper>
* layoutoffset:(h,v)=(0.0pt,0.0pt)
* modes: 
* h-part:(L,W,R)=(54.2025pt, 505.89pt, 54.2025pt)
* v-part:(T,H,B)=(54.2025pt, 686.56499pt, 54.2025pt)
* \paperwidth=614.295pt
* \paperheight=794.96999pt
* \textwidth=505.89pt
* \textheight=686.56499pt
* \oddsidemargin=-18.06749pt
* \evensidemargin=-18.06749pt
* \topmargin=-55.06749pt
* \headheight=12.0pt
* \headsep=25.0pt
* \topskip=11.0pt
* \footskip=30.0pt
* \marginparwidth=59.0pt
* \marginparsep=10.0pt
* \columnsep=10.0pt
* \skip\footins=10.0pt plus 4.0pt minus 2.0pt
* \hoffset=0.0pt
* \voffset=0.0pt
* \mag=1000
* \@twocolumnfalse
* \@twosidefalse
* \@mparswitchfalse
* \@reversemarginfalse
* (1in=72.27pt=25.4mm, 1cm=28.453pt)

(C:\Users\jck_5\AppData\Local\Programs\MiKTeX\tex/context/base/mkii\supp-pdf.mkii
[Loading MPS to PDF converter (version 2006.09.02).]
\scratchcounter=\count284
\scratchdimen=\dimen164
\scratchbox=\box58
\nofMPsegments=\count285
\nofMParguments=\count286
\everyMPshowfont=\toks28
\MPscratchCnt=\count287
\MPscratchDim=\dimen165
\MPnumerator=\count288
\makeMPintoPDFobject=\count289
\everyMPtoPDFconversion=\toks29
) (C:\Users\jck_5\AppData\Local\Programs\MiKTeX\tex/latex/epstopdf-pkg\epstopdf-base.sty
Package: epstopdf-base 2020-01-24 v2.11 Base part for package epstopdf
Package epstopdf-base Info: Redefining graphics rule for `.eps' on input line 485.
 (C:\Users\jck_5\AppData\Local\Programs\MiKTeX\tex/latex/00miktex\epstopdf-sys.cfg
File: epstopdf-sys.cfg 2021/03/18 v2.0 Configuration of epstopdf for MiKTeX
))
\c@lstlisting=\count290
 (C:\Users\jck_5\AppData\Local\Programs\MiKTeX\tex/latex/listings\lstlang1.sty
File: lstlang1.sty 2023/02/27 1.9 listings language file
)
<Fig/SUT.png, id=1, 730.73pt x 410.53375pt>
File: Fig/SUT.png Graphic file (type png)
<use Fig/SUT.png>
Package pdftex.def Info: Fig/SUT.png  used on input line 51.
(pdftex.def)             Requested size: 292.28682pt x 164.21059pt.
 [1

{C:/Users/jck_5/AppData/Local/MiKTeX/fonts/map/pdftex/pdftex.map} <./Fig/SUT.png>] (project.toc
LaTeX Font Info:    Trying to load font information for U+msa on input line 3.
 (C:\Users\jck_5\AppData\Local\Programs\MiKTeX\tex/latex/amsfonts\umsa.fd
File: umsa.fd 2013/01/14 v3.01 AMS symbols A
)
LaTeX Font Info:    Trying to load font information for U+msb on input line 3.
 (C:\Users\jck_5\AppData\Local\Programs\MiKTeX\tex/latex/amsfonts\umsb.fd
File: umsb.fd 2013/01/14 v3.01 AMS symbols B
))
\tf@toc=\write3
\openout3 = `project.toc'.

 [1]
<Fig/2.3.kspace.images.png, id=15, 933.4875pt x 272.217pt>
File: Fig/2.3.kspace.images.png Graphic file (type png)
<use Fig/2.3.kspace.images.png>
Package pdftex.def Info: Fig/2.3.kspace.images.png  used on input line 98.
(pdftex.def)             Requested size: 466.74261pt x 136.10815pt.

Underfull \hbox (badness 10000) in paragraph at lines 95--100

 []

<Fig/2.2kspace.axis.png, id=16, 234.8775pt x 230.0595pt>
File: Fig/2.2kspace.axis.png Graphic file (type png)
<use Fig/2.2kspace.axis.png>
Package pdftex.def Info: Fig/2.2kspace.axis.png  used on input line 107.
(pdftex.def)             Requested size: 187.90225pt x 184.04784pt.

Package fancyhdr Warning: \headheight is too small (12.0pt): 
(fancyhdr)                Make it at least 13.59999pt, for example:
(fancyhdr)                \setlength{\headheight}{13.59999pt}.
(fancyhdr)                You might also make \topmargin smaller to compensate:
(fancyhdr)                \addtolength{\topmargin}{-1.59999pt}.

[1

 <./Fig/2.3.kspace.images.png>]
<Fig/Q1-4.png, id=26, 645.00975pt x 290.88675pt>
File: Fig/Q1-4.png Graphic file (type png)
<use Fig/Q1-4.png>
Package pdftex.def Info: Fig/Q1-4.png  used on input line 119.
(pdftex.def)             Requested size: 322.50407pt x 145.44301pt.

Underfull \hbox (badness 10000) in paragraph at lines 116--121

 []

<Fig/Q1-4-1.png, id=27, 633.567pt x 269.20575pt>
File: Fig/Q1-4-1.png Graphic file (type png)
<use Fig/Q1-4-1.png>
Package pdftex.def Info: Fig/Q1-4-1.png  used on input line 126.
(pdftex.def)             Requested size: 316.78273pt x 134.60254pt.

Underfull \hbox (badness 10000) in paragraph at lines 123--128

 []


Package fancyhdr Warning: \headheight is too small (12.0pt): 
(fancyhdr)                Make it at least 13.59999pt, for example:
(fancyhdr)                \setlength{\headheight}{13.59999pt}.
(fancyhdr)                You might also make \topmargin smaller to compensate:
(fancyhdr)                \addtolength{\topmargin}{-1.59999pt}.

[2 <./Fig/2.2kspace.axis.png> <./Fig/Q1-4.png>]
Underfull \hbox (badness 10000) in paragraph at lines 156--157

 []

(Code/loading.m)
Underfull \hbox (badness 10000) in paragraph at lines 159--160

 []


Package fancyhdr Warning: \headheight is too small (12.0pt): 
(fancyhdr)                Make it at least 13.59999pt, for example:
(fancyhdr)                \setlength{\headheight}{13.59999pt}.
(fancyhdr)                You might also make \topmargin smaller to compensate:
(fancyhdr)                \addtolength{\topmargin}{-1.59999pt}.

[3 <./Fig/Q1-4-1.png>] (Code/reconstruction.m)
<Fig/ifft2.knee.png, id=38, 331.2375pt x 277.78781pt>
File: Fig/ifft2.knee.png Graphic file (type png)
<use Fig/ifft2.knee.png>
Package pdftex.def Info: Fig/ifft2.knee.png  used on input line 168.
(pdftex.def)             Requested size: 264.99034pt x 222.23053pt.

Underfull \hbox (badness 10000) in paragraph at lines 164--172

 []


Underfull \hbox (badness 10000) in paragraph at lines 177--179

 []


Package fancyhdr Warning: \headheight is too small (12.0pt): 
(fancyhdr)                Make it at least 13.59999pt, for example:
(fancyhdr)                \setlength{\headheight}{13.59999pt}.
(fancyhdr)                You might also make \topmargin smaller to compensate:
(fancyhdr)                \addtolength{\topmargin}{-1.59999pt}.

[4 <./Fig/ifft2.knee.png (PNG copy)>]
<Fig/noisy.hist.png, id=42, 904.1278pt x 377.91188pt>
File: Fig/noisy.hist.png Graphic file (type png)
<use Fig/noisy.hist.png>
Package pdftex.def Info: Fig/noisy.hist.png  used on input line 195.
(pdftex.def)             Requested size: 452.06279pt x 188.95547pt.

Underfull \hbox (badness 10000) in paragraph at lines 192--199

 []

<Fig/noisless.hist.png, id=43, 904.1278pt x 377.91188pt>
File: Fig/noisless.hist.png Graphic file (type png)
<use Fig/noisless.hist.png>
Package pdftex.def Info: Fig/noisless.hist.png  used on input line 203.
(pdftex.def)             Requested size: 452.06279pt x 188.95547pt.
<Fig/Mean.filter.png, id=44, 403.5075pt x 229.85875pt>
File: Fig/Mean.filter.png Graphic file (type png)
<use Fig/Mean.filter.png>
Package pdftex.def Info: Fig/Mean.filter.png  used on input line 221.
(pdftex.def)             Requested size: 242.10637pt x 137.91629pt.

Underfull \hbox (badness 10000) in paragraph at lines 213--225

 []


Package fancyhdr Warning: \headheight is too small (12.0pt): 
(fancyhdr)                Make it at least 13.59999pt, for example:
(fancyhdr)                \setlength{\headheight}{13.59999pt}.
(fancyhdr)                You might also make \topmargin smaller to compensate:
(fancyhdr)                \addtolength{\topmargin}{-1.59999pt}.

[5 <./Fig/noisy.hist.png (PNG copy)> <./Fig/noisless.hist.png (PNG copy)>]
<Fig/Median.filter.png, id=49, 695.59875pt x 426.59375pt>
File: Fig/Median.filter.png Graphic file (type png)
<use Fig/Median.filter.png>
Package pdftex.def Info: Fig/Median.filter.png  used on input line 230.
(pdftex.def)             Requested size: 243.46321pt x 149.31004pt.

Underfull \hbox (badness 10000) in paragraph at lines 226--234

 []


Package fancyhdr Warning: \headheight is too small (12.0pt): 
(fancyhdr)                Make it at least 13.59999pt, for example:
(fancyhdr)                \setlength{\headheight}{13.59999pt}.
(fancyhdr)                You might also make \topmargin smaller to compensate:
(fancyhdr)                \addtolength{\topmargin}{-1.59999pt}.

[6 <./Fig/Mean.filter.png> <./Fig/Median.filter.png>]
Underfull \hbox (badness 10000) in paragraph at lines 261--262

 []

(Code/meanflt2.m)
<Fig/mean.knee.png, id=57, 331.2375pt x 277.78781pt>
File: Fig/mean.knee.png Graphic file (type png)
<use Fig/mean.knee.png>
Package pdftex.def Info: Fig/mean.knee.png  used on input line 265.
(pdftex.def)             Requested size: 198.74402pt x 166.67395pt.

Underfull \hbox (badness 10000) in paragraph at lines 273--274

 []

(Code/medianflt2.m)
<Fig/median.knee.png, id=58, 331.2375pt x 277.78781pt>
File: Fig/median.knee.png Graphic file (type png)
<use Fig/median.knee.png>
Package pdftex.def Info: Fig/median.knee.png  used on input line 278.
(pdftex.def)             Requested size: 198.74402pt x 166.67395pt.


Package fancyhdr Warning: \headheight is too small (12.0pt): 
(fancyhdr)                Make it at least 13.59999pt, for example:
(fancyhdr)                \setlength{\headheight}{13.59999pt}.
(fancyhdr)                You might also make \topmargin smaller to compensate:
(fancyhdr)                \addtolength{\topmargin}{-1.59999pt}.

[7 <./Fig/mean.knee.png (PNG copy)>]
Underfull \hbox (badness 10000) in paragraph at lines 286--287

 []

(Code/gaussianflt2.m)
<Fig/gaussian.knee.png, id=62, 331.2375pt x 277.78781pt>
File: Fig/gaussian.knee.png Graphic file (type png)
<use Fig/gaussian.knee.png>
Package pdftex.def Info: Fig/gaussian.knee.png  used on input line 290.
(pdftex.def)             Requested size: 198.74402pt x 166.67395pt.


Package fancyhdr Warning: \headheight is too small (12.0pt): 
(fancyhdr)                Make it at least 13.59999pt, for example:
(fancyhdr)                \setlength{\headheight}{13.59999pt}.
(fancyhdr)                You might also make \topmargin smaller to compensate:
(fancyhdr)                \addtolength{\topmargin}{-1.59999pt}.

[8 <./Fig/median.knee.png (PNG copy)> <./Fig/gaussian.knee.png (PNG copy)>]
<Fig/non-local.mean.png, id=67, 331.2375pt x 277.78781pt>
File: Fig/non-local.mean.png Graphic file (type png)
<use Fig/non-local.mean.png>
Package pdftex.def Info: Fig/non-local.mean.png  used on input line 319.
(pdftex.def)             Requested size: 198.74402pt x 166.67395pt.

Underfull \hbox (badness 10000) in paragraph at lines 330--331

 []

(Code/SNR.m

Package fancyhdr Warning: \headheight is too small (12.0pt): 
(fancyhdr)                Make it at least 13.59999pt, for example:
(fancyhdr)                \setlength{\headheight}{13.59999pt}.
(fancyhdr)                You might also make \topmargin smaller to compensate:
(fancyhdr)                \addtolength{\topmargin}{-1.59999pt}.

[9 <./Fig/non-local.mean.png (PNG copy)>])
<Fig/eval.png, id=71, 338.4645pt x 75.28125pt>
File: Fig/eval.png Graphic file (type png)
<use Fig/eval.png>
Package pdftex.def Info: Fig/eval.png  used on input line 336.
(pdftex.def)             Requested size: 338.46367pt x 75.28105pt.


Package fancyhdr Warning: \headheight is too small (12.0pt): 
(fancyhdr)                Make it at least 13.59999pt, for example:
(fancyhdr)                \setlength{\headheight}{13.59999pt}.
(fancyhdr)                You might also make \topmargin smaller to compensate:
(fancyhdr)                \addtolength{\topmargin}{-1.59999pt}.

[10 <./Fig/eval.png>] (project.aux)
 ***********
LaTeX2e <2023-06-01> patch level 1
L3 programming layer <2023-08-29>
 ***********
 ) 
Here is how much of TeX's memory you used:
 6047 strings out of 475248
 88292 string characters out of 5757813
 2007785 words of memory out of 5000000
 27499 multiletter control sequences out of 15000+600000
 565788 words of font info for 64 fonts, out of 8000000 for 9000
 1141 hyphenation exceptions out of 8191
 57i,12n,65p,486b,1647s stack positions out of 10000i,1000n,20000p,200000b,200000s
 <C:\Users\jck_5\AppData\Local\MiKTeX\fonts/pk/ljfour/jknappen/ec/dpi600\tcrm1095.pk><C:/Users/jck_5/AppData/Local/Programs/MiKTeX/fonts/type1/public/amsfonts/cm/cmbx10.pfb><C:/Users/jck_5/AppData/Local/Programs/MiKTeX/fonts/type1/public/amsfonts/cm/cmbx12.pfb><C:/Users/jck_5/AppData/Local/Programs/MiKTeX/fonts/type1/public/amsfonts/cm/cmex10.pfb><C:/Users/jck_5/AppData/Local/Programs/MiKTeX/fonts/type1/public/amsfonts/cm/cmmi10.pfb><C:/Users/jck_5/AppData/Local/Programs/MiKTeX/fonts/type1/public/amsfonts/cm/cmmi6.pfb><C:/Users/jck_5/AppData/Local/Programs/MiKTeX/fonts/type1/public/amsfonts/cm/cmmi8.pfb><C:/Users/jck_5/AppData/Local/Programs/MiKTeX/fonts/type1/public/amsfonts/cm/cmr10.pfb><C:/Users/jck_5/AppData/Local/Programs/MiKTeX/fonts/type1/public/amsfonts/cm/cmr12.pfb><C:/Users/jck_5/AppData/Local/Programs/MiKTeX/fonts/type1/public/amsfonts/cm/cmr6.pfb><C:/Users/jck_5/AppData/Local/Programs/MiKTeX/fonts/type1/public/amsfonts/cm/cmr8.pfb><C:/Users/jck_5/AppData/Local/Programs/MiKTeX/fonts/type1/public/amsfonts/cm/cmsy10.pfb><C:/Users/jck_5/AppData/Local/Programs/MiKTeX/fonts/type1/public/amsfonts/cm/cmsy8.pfb>
Output written on project.pdf (12 pages, 1322720 bytes).
PDF statistics:
 131 PDF objects out of 1000 (max. 8388607)
 0 named destinations out of 1000 (max. 500000)
 76 words of extra memory for PDF output out of 10000 (max. 10000000)

