This is pdfTeX, Version 3.141592653-2.6-1.40.26 (MiKTeX 24.4) (preloaded format=pdflatex 2024.11.19)  29 NOV 2024 23:38
entering extended mode
 restricted \write18 enabled.
 file:line:error style messages enabled.
 %&-line parsing enabled.
**"d:/MyFiles/Courses/Term4/Signals and Systems/Project/Phase2/latex/SignalProject1.tex"
(d:/MyFiles/Courses/Term4/Signals and Systems/Project/Phase2/latex/SignalProject1.tex
LaTeX2e <2024-11-01>
L3 programming layer <2024-11-02>
(C:\Users\Reza\AppData\Local\Programs\MiKTeX\tex/latex/base\article.cls
Document Class: article 2024/06/29 v1.4n Standard LaTeX document class
(C:\Users\Reza\AppData\Local\Programs\MiKTeX\tex/latex/base\size11.clo
File: size11.clo 2024/06/29 v1.4n Standard LaTeX file (size option)
)
\c@part=\count196
\c@section=\count197
\c@subsection=\count198
\c@subsubsection=\count199
\c@paragraph=\count266
\c@subparagraph=\count267
\c@figure=\count268
\c@table=\count269
\abovecaptionskip=\skip49
\belowcaptionskip=\skip50
\bibindent=\dimen141
) (C:\Users\Reza\AppData\Local\Programs\MiKTeX\tex/latex/geometry\geometry.sty
Package: geometry 2020/01/02 v5.9 Page Geometry
 (C:\Users\Reza\AppData\Local\Programs\MiKTeX\tex/latex/graphics\keyval.sty
Package: keyval 2022/05/29 v1.15 key=value parser (DPC)
\KV@toks@=\toks17
) (C:\Users\Reza\AppData\Local\Programs\MiKTeX\tex/generic/iftex\ifvtex.sty
Package: ifvtex 2019/10/25 v1.7 ifvtex legacy package. Use iftex instead.
 (C:\Users\Reza\AppData\Local\Programs\MiKTeX\tex/generic/iftex\iftex.sty
Package: iftex 2022/02/03 v1.0f TeX engine tests
))
\Gm@cnth=\count270
\Gm@cntv=\count271
\c@Gm@tempcnt=\count272
\Gm@bindingoffset=\dimen142
\Gm@wd@mp=\dimen143
\Gm@odd@mp=\dimen144
\Gm@even@mp=\dimen145
\Gm@layoutwidth=\dimen146
\Gm@layoutheight=\dimen147
\Gm@layouthoffset=\dimen148
\Gm@layoutvoffset=\dimen149
\Gm@dimlist=\toks18
 (C:\Users\Reza\AppData\Local\Programs\MiKTeX\tex/latex/geometry\geometry.cfg)) (C:\Users\Reza\AppData\Local\Programs\MiKTeX\tex/latex/amsfonts\amsfonts.sty
Package: amsfonts 2013/01/14 v3.01 Basic AMSFonts support
\@emptytoks=\toks19
\symAMSa=\mathgroup4
\symAMSb=\mathgroup5
LaTeX Font Info:    Redeclaring math symbol \hbar on input line 98.
LaTeX Font Info:    Overwriting math alphabet `\mathfrak' in version `bold'
(Font)                  U/euf/m/n --> U/euf/b/n on input line 106.
) (C:\Users\Reza\AppData\Local\Programs\MiKTeX\tex/latex/amsmath\amsmath.sty
Package: amsmath 2024/11/05 v2.17t AMS math features
\@mathmargin=\skip51

For additional information on amsmath, use the `?' option.
(C:\Users\Reza\AppData\Local\Programs\MiKTeX\tex/latex/amsmath\amstext.sty
Package: amstext 2021/08/26 v2.01 AMS text
 (C:\Users\Reza\AppData\Local\Programs\MiKTeX\tex/latex/amsmath\amsgen.sty
File: amsgen.sty 1999/11/30 v2.0 generic functions
\@emptytoks=\toks20
\ex@=\dimen150
)) (C:\Users\Reza\AppData\Local\Programs\MiKTeX\tex/latex/amsmath\amsbsy.sty
Package: amsbsy 1999/11/29 v1.2d Bold Symbols
\pmbraise@=\dimen151
) (C:\Users\Reza\AppData\Local\Programs\MiKTeX\tex/latex/amsmath\amsopn.sty
Package: amsopn 2022/04/08 v2.04 operator names
)
\inf@bad=\count273
LaTeX Info: Redefining \frac on input line 233.
\uproot@=\count274
\leftroot@=\count275
LaTeX Info: Redefining \overline on input line 398.
LaTeX Info: Redefining \colon on input line 409.
\classnum@=\count276
\DOTSCASE@=\count277
LaTeX Info: Redefining \ldots on input line 495.
LaTeX Info: Redefining \dots on input line 498.
LaTeX Info: Redefining \cdots on input line 619.
\Mathstrutbox@=\box52
\strutbox@=\box53
LaTeX Info: Redefining \big on input line 721.
LaTeX Info: Redefining \Big on input line 722.
LaTeX Info: Redefining \bigg on input line 723.
LaTeX Info: Redefining \Bigg on input line 724.
\big@size=\dimen152
LaTeX Font Info:    Redeclaring font encoding OML on input line 742.
LaTeX Font Info:    Redeclaring font encoding OMS on input line 743.
\macc@depth=\count278
LaTeX Info: Redefining \bmod on input line 904.
LaTeX Info: Redefining \pmod on input line 909.
LaTeX Info: Redefining \smash on input line 939.
LaTeX Info: Redefining \relbar on input line 969.
LaTeX Info: Redefining \Relbar on input line 970.
\c@MaxMatrixCols=\count279
\dotsspace@=\muskip17
\c@parentequation=\count280
\dspbrk@lvl=\count281
\tag@help=\toks21
\row@=\count282
\column@=\count283
\maxfields@=\count284
\andhelp@=\toks22
\eqnshift@=\dimen153
\alignsep@=\dimen154
\tagshift@=\dimen155
\tagwidth@=\dimen156
\totwidth@=\dimen157
\lineht@=\dimen158
\@envbody=\toks23
\multlinegap=\skip52
\multlinetaggap=\skip53
\mathdisplay@stack=\toks24
LaTeX Info: Redefining \[ on input line 2953.
LaTeX Info: Redefining \] on input line 2954.
) (C:\Users\Reza\AppData\Local\Programs\MiKTeX\tex/latex/amsfonts\amssymb.sty
Package: amssymb 2013/01/14 v3.01 AMS font symbols
) (C:\Users\Reza\AppData\Local\Programs\MiKTeX\tex/latex/hyphenat\hyphenat.sty
Package: hyphenat 2009/09/02 v2.3c hyphenation utilities
\langwohyphens=\language79
LaTeX Info: Redefining \_ on input line 43.
) (C:\Users\Reza\AppData\Local\Programs\MiKTeX\tex/latex/fancyhdr\fancyhdr.sty
Package: fancyhdr 2024/07/23 v4.3.1 Extensive control of page headers and footers
\f@nch@headwidth=\skip54
\f@nch@O@elh=\skip55
\f@nch@O@erh=\skip56
\f@nch@O@olh=\skip57
\f@nch@O@orh=\skip58
\f@nch@O@elf=\skip59
\f@nch@O@erf=\skip60
\f@nch@O@olf=\skip61
\f@nch@O@orf=\skip62
) (C:\Users\Reza\AppData\Local\Programs\MiKTeX\tex/latex/graphics\graphicx.sty
Package: graphicx 2021/09/16 v1.2d Enhanced LaTeX Graphics (DPC,SPQR)
 (C:\Users\Reza\AppData\Local\Programs\MiKTeX\tex/latex/graphics\graphics.sty
Package: graphics 2024/08/06 v1.4g Standard LaTeX Graphics (DPC,SPQR)
 (C:\Users\Reza\AppData\Local\Programs\MiKTeX\tex/latex/graphics\trig.sty
Package: trig 2023/12/02 v1.11 sin cos tan (DPC)
) (C:\Users\Reza\AppData\Local\Programs\MiKTeX\tex/latex/graphics-cfg\graphics.cfg
File: graphics.cfg 2016/06/04 v1.11 sample graphics configuration
)
Package graphics Info: Driver file: pdftex.def on input line 106.
 (C:\Users\Reza\AppData\Local\Programs\MiKTeX\tex/latex/graphics-def\pdftex.def
File: pdftex.def 2024/04/13 v1.2c Graphics/color driver for pdftex
))
\Gin@req@height=\dimen159
\Gin@req@width=\dimen160
) (C:\Users\Reza\AppData\Local\Programs\MiKTeX\tex/latex/float\float.sty
Package: float 2001/11/08 v1.3d Float enhancements (AL)
\c@float@type=\count285
\float@exts=\toks25
\float@box=\box54
\@float@everytoks=\toks26
\@floatcapt=\box55
) (C:\Users\Reza\AppData\Local\Programs\MiKTeX\tex/latex/tocbibind\tocbibind.sty
Package: tocbibind 2010/10/13 v1.5k extra ToC listings
Package tocbibind Info: The document has section divisions on input line 50.


Package tocbibind Note: Using section or other style headings.

) (C:\Users\Reza\AppData\Local\Programs\MiKTeX\tex/latex/jknappen\mathrsfs.sty
Package: mathrsfs 1996/01/01 Math RSFS package v1.0 (jk)
\symrsfs=\mathgroup6
) (C:\Users\Reza\AppData\Local\Programs\MiKTeX\tex/latex/tools\bm.sty
Package: bm 2023/12/19 v1.2f Bold Symbol Support (DPC/FMi)
\symboldoperators=\mathgroup7
\symboldletters=\mathgroup8
\symboldsymbols=\mathgroup9
Package bm Info: No bold for \OMX/cmex/m/n, using \pmb.
Package bm Info: No bold for \U/msa/m/n, using \pmb.
Package bm Info: No bold for \U/msb/m/n, using \pmb.
Package bm Info: No bold for \U/rsfs/m/n, using \pmb.
LaTeX Font Info:    Redeclaring math alphabet \mathbf on input line 149.
) (C:\Users\Reza\AppData\Local\Programs\MiKTeX\tex/latex/subfig\subfig.sty
Package: subfig 2005/06/28 ver: 1.3 subfig package
 (C:\Users\Reza\AppData\Local\Programs\MiKTeX\tex/latex/caption\caption3.sty
Package: caption3 2023/07/31 v2.4d caption3 kernel (AR)
\caption@tempdima=\dimen161
\captionmargin=\dimen162
\caption@leftmargin=\dimen163
\caption@rightmargin=\dimen164
\caption@width=\dimen165
\caption@indent=\dimen166
\caption@parindent=\dimen167
\caption@hangindent=\dimen168
Package caption Info: Standard document class detected.
)
\c@KVtest=\count286
\sf@farskip=\skip63
\sf@captopadj=\dimen169
\sf@capskip=\skip64
\sf@nearskip=\skip65
\c@subfigure=\count287
\c@subfigure@save=\count288
\c@lofdepth=\count289
\c@subtable=\count290
\c@subtable@save=\count291
\c@lotdepth=\count292
\sf@top=\skip66
\sf@bottom=\skip67
) (C:\Users\Reza\AppData\Local\Programs\MiKTeX\tex/latex/matlab-prettifier\matlab-prettifier.sty
Package: matlab-prettifier 2014/06/19 v0.3 A package for prettyprinting Matlab source code
 (C:\Users\Reza\AppData\Local\Programs\MiKTeX\tex/latex/base\textcomp.sty
Package: textcomp 2024/04/24 v2.1b Standard LaTeX package
) (C:\Users\Reza\AppData\Local\Programs\MiKTeX\tex/latex/xcolor\xcolor.sty
Package: xcolor 2024/09/29 v3.02 LaTeX color extensions (UK)
 (C:\Users\Reza\AppData\Local\Programs\MiKTeX\tex/latex/graphics-cfg\color.cfg
File: color.cfg 2016/01/02 v1.6 sample color configuration
)
Package xcolor Info: Driver file: pdftex.def on input line 274.
 (C:\Users\Reza\AppData\Local\Programs\MiKTeX\tex/latex/graphics\mathcolor.ltx)
Package xcolor Info: Model `cmy' substituted by `cmy0' on input line 1349.
Package xcolor Info: Model `hsb' substituted by `rgb' on input line 1353.
Package xcolor Info: Model `RGB' extended on input line 1365.
Package xcolor Info: Model `HTML' substituted by `rgb' on input line 1367.
Package xcolor Info: Model `Hsb' substituted by `hsb' on input line 1368.
Package xcolor Info: Model `tHsb' substituted by `hsb' on input line 1369.
Package xcolor Info: Model `HSB' substituted by `hsb' on input line 1370.
Package xcolor Info: Model `Gray' substituted by `gray' on input line 1371.
Package xcolor Info: Model `wave' substituted by `hsb' on input line 1372.
) (C:\Users\Reza\AppData\Local\Programs\MiKTeX\tex/latex/listings\listings.sty
\lst@mode=\count293
\lst@gtempboxa=\box56
\lst@token=\toks27
\lst@length=\count294
\lst@currlwidth=\dimen170
\lst@column=\count295
\lst@pos=\count296
\lst@lostspace=\dimen171
\lst@width=\dimen172
\lst@newlines=\count297
\lst@lineno=\count298
\lst@maxwidth=\dimen173
 (C:\Users\Reza\AppData\Local\Programs\MiKTeX\tex/latex/listings\lstpatch.sty
File: lstpatch.sty 2024/09/23 1.10c (Carsten Heinz)
) (C:\Users\Reza\AppData\Local\Programs\MiKTeX\tex/latex/listings\lstmisc.sty
File: lstmisc.sty 2024/09/23 1.10c (Carsten Heinz)
\c@lstnumber=\count299
\lst@skipnumbers=\count300
\lst@framebox=\box57
) (C:\Users\Reza\AppData\Local\Programs\MiKTeX\tex/latex/listings\listings.cfg
File: listings.cfg 2024/09/23 1.10c listings configuration
))
Package: listings 2024/09/23 1.10c (Carsten Heinz)
\netBracketCount@mlpr=\count301
\blkLvl@mlpr=\count302
\blkLvlAtClassdef@mlpr=\count303
\emHeight@mlpr=\skip68
\jayDepth@mlpr=\skip69
\sectionRuleOffset@mlpr=\skip70
\toks@mlpr=\toks28
) (C:\Users\Reza\AppData\Local\Programs\MiKTeX\tex/latex/l3backend\l3backend-pdftex.def
File: l3backend-pdftex.def 2024-05-08 L3 backend support: PDF output (pdfTeX)
\l__color_backend_stack_int=\count304
\l__pdf_internal_box=\box58
) (SignalProject1.aux)
\openout1 = `SignalProject1.aux'.

LaTeX Font Info:    Checking defaults for OML/cmm/m/it on input line 31.
LaTeX Font Info:    ... okay on input line 31.
LaTeX Font Info:    Checking defaults for OMS/cmsy/m/n on input line 31.
LaTeX Font Info:    ... okay on input line 31.
LaTeX Font Info:    Checking defaults for OT1/cmr/m/n on input line 31.
LaTeX Font Info:    ... okay on input line 31.
LaTeX Font Info:    Checking defaults for T1/cmr/m/n on input line 31.
LaTeX Font Info:    ... okay on input line 31.
LaTeX Font Info:    Checking defaults for TS1/cmr/m/n on input line 31.
LaTeX Font Info:    ... okay on input line 31.
LaTeX Font Info:    Checking defaults for OMX/cmex/m/n on input line 31.
LaTeX Font Info:    ... okay on input line 31.
LaTeX Font Info:    Checking defaults for U/cmr/m/n on input line 31.
LaTeX Font Info:    ... okay on input line 31.

*geometry* driver: auto-detecting
*geometry* detected driver: pdftex
*geometry* verbose mode - [ preamble ] result:
* driver: pdftex
* paper: <default>
* layout: <same size as paper>
* layoutoffset:(h,v)=(0.0pt,0.0pt)
* modes: 
* h-part:(L,W,R)=(54.2025pt, 505.89pt, 54.2025pt)
* v-part:(T,H,B)=(54.2025pt, 686.56499pt, 54.2025pt)
* \paperwidth=614.295pt
* \paperheight=794.96999pt
* \textwidth=505.89pt
* \textheight=686.56499pt
* \oddsidemargin=-18.06749pt
* \evensidemargin=-18.06749pt
* \topmargin=-55.06749pt
* \headheight=12.0pt
* \headsep=25.0pt
* \topskip=11.0pt
* \footskip=30.0pt
* \marginparwidth=59.0pt
* \marginparsep=10.0pt
* \columnsep=10.0pt
* \skip\footins=10.0pt plus 4.0pt minus 2.0pt
* \hoffset=0.0pt
* \voffset=0.0pt
* \mag=1000
* \@twocolumnfalse
* \@twosidefalse
* \@mparswitchfalse
* \@reversemarginfalse
* (1in=72.27pt=25.4mm, 1cm=28.453pt)

(C:\Users\Reza\AppData\Local\Programs\MiKTeX\tex/context/base/mkii\supp-pdf.mkii
[Loading MPS to PDF converter (version 2006.09.02).]
\scratchcounter=\count305
\scratchdimen=\dimen174
\scratchbox=\box59
\nofMPsegments=\count306
\nofMParguments=\count307
\everyMPshowfont=\toks29
\MPscratchCnt=\count308
\MPscratchDim=\dimen175
\MPnumerator=\count309
\makeMPintoPDFobject=\count310
\everyMPtoPDFconversion=\toks30
) (C:\Users\Reza\AppData\Local\Programs\MiKTeX\tex/latex/epstopdf-pkg\epstopdf-base.sty
Package: epstopdf-base 2020-01-24 v2.11 Base part for package epstopdf
Package epstopdf-base Info: Redefining graphics rule for `.eps' on input line 485.
 (C:\Users\Reza\AppData\Local\Programs\MiKTeX\tex/latex/00miktex\epstopdf-sys.cfg
File: epstopdf-sys.cfg 2021/03/18 v2.0 Configuration of epstopdf for MiKTeX
))
Package caption Info: Begin \AtBeginDocument code.
Package caption Info: subfig package v1.3 is loaded.
Package caption Info: End \AtBeginDocument code.
\c@lstlisting=\count311
<Fig/SUT.png, id=1, 730.73pt x 410.53375pt>
File: Fig/SUT.png Graphic file (type png)
<use Fig/SUT.png>
Package pdftex.def Info: Fig/SUT.png  used on input line 38.
(pdftex.def)             Requested size: 292.28682pt x 164.21059pt.


[1

{C:/Users/Reza/AppData/Local/MiKTeX/fonts/map/pdftex/pdftex.map} <./Fig/SUT.png>]
No file SignalProject1.toc.
\tf@toc=\write3
\openout3 = `SignalProject1.toc'.



[1]
Underfull \hbox (badness 10000) in paragraph at lines 66--73

 []

<Fig/brainLobes.jpg, id=13, 1129.21875pt x 813.0375pt>
File: Fig/brainLobes.jpg Graphic file (type jpg)
<use Fig/brainLobes.jpg>
Package pdftex.def Info: Fig/brainLobes.jpg  used on input line 76.
(pdftex.def)             Requested size: 338.76823pt x 243.91313pt.

Underfull \hbox (badness 10000) in paragraph at lines 85--86

 []

<Fig/brainSpectralPlot.jpg, id=14, 1204.5pt x 1204.5pt>
File: Fig/brainSpectralPlot.jpg Graphic file (type jpg)
<use Fig/brainSpectralPlot.jpg>
Package pdftex.def Info: Fig/brainSpectralPlot.jpg  used on input line 89.
(pdftex.def)             Requested size: 361.35278pt x 361.35278pt.



Package fancyhdr Warning: \headheight is too small (12.0pt): 
(fancyhdr)                Make it at least 13.59999pt, for example:
(fancyhdr)                \setlength{\headheight}{13.59999pt}.
(fancyhdr)                You might also make \topmargin smaller to compensate:
(fancyhdr)                \addtolength{\topmargin}{-1.59999pt}.

[1

 <./Fig/brainLobes.jpg>]
LaTeX Font Info:    Trying to load font information for U+msa on input line 95.
 (C:\Users\Reza\AppData\Local\Programs\MiKTeX\tex/latex/amsfonts\umsa.fd
File: umsa.fd 2013/01/14 v3.01 AMS symbols A
)
LaTeX Font Info:    Trying to load font information for U+msb on input line 95.
 (C:\Users\Reza\AppData\Local\Programs\MiKTeX\tex/latex/amsfonts\umsb.fd
File: umsb.fd 2013/01/14 v3.01 AMS symbols B
)
LaTeX Font Info:    Trying to load font information for U+rsfs on input line 95.
 (C:\Users\Reza\AppData\Local\Programs\MiKTeX\tex/latex/jknappen\ursfs.fd
File: ursfs.fd 1998/03/24 rsfs font definition file (jk)
)
Underfull \hbox (badness 10000) in paragraph at lines 95--100

 []

<Fig/EEGfreqs.png, id=20, 467.7475pt x 660.4675pt>
File: Fig/EEGfreqs.png Graphic file (type png)
<use Fig/EEGfreqs.png>
Package pdftex.def Info: Fig/EEGfreqs.png  used on input line 103.
(pdftex.def)             Requested size: 210.48442pt x 297.20763pt.



Package fancyhdr Warning: \headheight is too small (12.0pt): 
(fancyhdr)                Make it at least 13.59999pt, for example:
(fancyhdr)                \setlength{\headheight}{13.59999pt}.
(fancyhdr)                You might also make \topmargin smaller to compensate:
(fancyhdr)                \addtolength{\topmargin}{-1.59999pt}.

[2 <./Fig/brainSpectralPlot.jpg>]
Underfull \hbox (badness 10000) in paragraph at lines 109--112

 []


Underfull \hbox (badness 10000) in paragraph at lines 113--116

 []


Underfull \hbox (badness 10000) in paragraph at lines 117--119

 []


Underfull \hbox (badness 10000) in paragraph at lines 120--122

 []


Underfull \hbox (badness 10000) in paragraph at lines 123--126

 []


Underfull \hbox (badness 10000) in paragraph at lines 123--126

 []


Underfull \hbox (badness 10000) in paragraph at lines 123--126

 []


Underfull \hbox (badness 10000) in paragraph at lines 129--134

 []




Package fancyhdr Warning: \headheight is too small (12.0pt): 
(fancyhdr)                Make it at least 13.59999pt, for example:
(fancyhdr)                \setlength{\headheight}{13.59999pt}.
(fancyhdr)                You might also make \topmargin smaller to compensate:
(fancyhdr)                \addtolength{\topmargin}{-1.59999pt}.

[3 <./Fig/EEGfreqs.png>]
Underfull \hbox (badness 10000) in paragraph at lines 136--139

 []


Underfull \hbox (badness 10000) in paragraph at lines 141--143

 []

<Fig/chanel_locs_data1.png, id=30, 526.96875pt x 395.22656pt>
File: Fig/chanel_locs_data1.png Graphic file (type png)
<use Fig/chanel_locs_data1.png>
Package pdftex.def Info: Fig/chanel_locs_data1.png  used on input line 146.
(pdftex.def)             Requested size: 252.94499pt x 189.71262pt.
<Fig/chanel_locs_data2.png, id=31, 526.96875pt x 395.22656pt>
File: Fig/chanel_locs_data2.png Graphic file (type png)
<use Fig/chanel_locs_data2.png>
Package pdftex.def Info: Fig/chanel_locs_data2.png  used on input line 150.
(pdftex.def)             Requested size: 252.94499pt x 189.71262pt.

Overfull \hbox (2.43332pt too wide) in paragraph at lines 145--152
[]$[]$  $[]$ 
 []

<Fig/chanel_loc_3d_data1.png, id=32, 526.96875pt x 395.22656pt>
File: Fig/chanel_loc_3d_data1.png Graphic file (type png)
<use Fig/chanel_loc_3d_data1.png>
Package pdftex.def Info: Fig/chanel_loc_3d_data1.png  used on input line 157.
(pdftex.def)             Requested size: 252.94499pt x 189.71262pt.
<Fig/chanel_loc_3d_data2.png, id=33, 526.96875pt x 395.22656pt>
File: Fig/chanel_loc_3d_data2.png Graphic file (type png)
<use Fig/chanel_loc_3d_data2.png>
Package pdftex.def Info: Fig/chanel_loc_3d_data2.png  used on input line 161.
(pdftex.def)             Requested size: 252.94499pt x 189.71262pt.

Overfull \hbox (2.43332pt too wide) in paragraph at lines 156--163
[]$[]$  $[]$ 
 []




Package fancyhdr Warning: \headheight is too small (12.0pt): 
(fancyhdr)                Make it at least 13.59999pt, for example:
(fancyhdr)                \setlength{\headheight}{13.59999pt}.
(fancyhdr)                You might also make \topmargin smaller to compensate:
(fancyhdr)                \addtolength{\topmargin}{-1.59999pt}.

[4 <./Fig/chanel_locs_data1.png (PNG copy)> <./Fig/chanel_locs_data2.png (PNG copy)>]
Underfull \hbox (badness 10000) in paragraph at lines 167--169

 []

<Fig/hpf.png, id=38, 526.96875pt x 395.22656pt>
File: Fig/hpf.png Graphic file (type png)
<use Fig/hpf.png>
Package pdftex.def Info: Fig/hpf.png  used on input line 172.
(pdftex.def)             Requested size: 316.18369pt x 237.13776pt.
<Fig/cleanLine_data1.png, id=39, 494.44725pt x 394.47375pt>
File: Fig/cleanLine_data1.png Graphic file (type png)
<use Fig/cleanLine_data1.png>
Package pdftex.def Info: Fig/cleanLine_data1.png  used on input line 183.
(pdftex.def)             Requested size: 296.67064pt x 236.68607pt.

Underfull \hbox (badness 10000) in paragraph at lines 179--187

 []




Package fancyhdr Warning: \headheight is too small (12.0pt): 
(fancyhdr)                Make it at least 13.59999pt, for example:
(fancyhdr)                \setlength{\headheight}{13.59999pt}.
(fancyhdr)                You might also make \topmargin smaller to compensate:
(fancyhdr)                \addtolength{\topmargin}{-1.59999pt}.

[5 <./Fig/chanel_loc_3d_data1.png (PNG copy)> <./Fig/chanel_loc_3d_data2.png (PNG copy)> <./Fig/hpf.png (PNG copy)>]
Underfull \hbox (badness 10000) in paragraph at lines 190--196

 []

<Fig/ASR_oldNew_data1.png, id=44, 749.04843pt x 485.56406pt>
File: Fig/ASR_oldNew_data1.png Graphic file (type png)
<use Fig/ASR_oldNew_data1.png>
Package pdftex.def Info: Fig/ASR_oldNew_data1.png  used on input line 199.
(pdftex.def)             Requested size: 278.24104pt x 180.36716pt.
<Fig/ASR_oldNew_data2.png, id=45, 583.42969pt x 395.22656pt>
File: Fig/ASR_oldNew_data2.png Graphic file (type png)
<use Fig/ASR_oldNew_data2.png>
Package pdftex.def Info: Fig/ASR_oldNew_data2.png  used on input line 203.
(pdftex.def)             Requested size: 278.24104pt x 188.48839pt.

Overfull \hbox (53.02542pt too wide) in paragraph at lines 198--205
[]$[]$  $[]$ 
 []


Underfull \hbox (badness 10000) in paragraph at lines 208--209

 []

<Fig/music_sep.png, id=46, 371.88937pt x 211.54031pt>
File: Fig/music_sep.png Graphic file (type png)
<use Fig/music_sep.png>
Package pdftex.def Info: Fig/music_sep.png  used on input line 216.
(pdftex.def)             Requested size: 260.32079pt x 148.0772pt.



Package fancyhdr Warning: \headheight is too small (12.0pt): 
(fancyhdr)                Make it at least 13.59999pt, for example:
(fancyhdr)                \setlength{\headheight}{13.59999pt}.
(fancyhdr)                You might also make \topmargin smaller to compensate:
(fancyhdr)                \addtolength{\topmargin}{-1.59999pt}.

[6 <./Fig/cleanLine_data1.png> <./Fig/ASR_oldNew_data1.png (PNG copy)> <./Fig/ASR_oldNew_data2.png (PNG copy)>]
<Fig/ICA_data1.png, id=51, 597.432pt x 196.93575pt>
File: Fig/ICA_data1.png Graphic file (type png)
<use Fig/ICA_data1.png>
Package pdftex.def Info: Fig/ICA_data1.png  used on input line 229.
(pdftex.def)             Requested size: 418.19955pt x 137.85406pt.

Underfull \hbox (badness 10000) in paragraph at lines 222--233

 []

<Fig/dipole_fit_coreg_data1.png, id=52, 416.757pt x 374.5995pt>
File: Fig/dipole_fit_coreg_data1.png Graphic file (type png)
<use Fig/dipole_fit_coreg_data1.png>
Package pdftex.def Info: Fig/dipole_fit_coreg_data1.png  used on input line 239.
(pdftex.def)             Requested size: 291.7279pt x 262.21786pt.

Underfull \hbox (badness 10000) in paragraph at lines 235--243

 []




Package fancyhdr Warning: \headheight is too small (12.0pt): 
(fancyhdr)                Make it at least 13.59999pt, for example:
(fancyhdr)                \setlength{\headheight}{13.59999pt}.
(fancyhdr)                You might also make \topmargin smaller to compensate:
(fancyhdr)                \addtolength{\topmargin}{-1.59999pt}.

[7 <./Fig/music_sep.png> <./Fig/ICA_data1.png>]
Underfull \hbox (badness 10000) in paragraph at lines 245--247

 []

<Fig/ICA_sources_data1.png, id=58, 645.612pt x 561.297pt>
File: Fig/ICA_sources_data1.png Graphic file (type png)
<use Fig/ICA_sources_data1.png>
Package pdftex.def Info: Fig/ICA_sources_data1.png  used on input line 250.
(pdftex.def)             Requested size: 278.24104pt x 241.9097pt.
<Fig/ICA_sources_data2.png, id=59, 587.796pt x 486.01575pt>
File: Fig/ICA_sources_data2.png Graphic file (type png)
<use Fig/ICA_sources_data2.png>
Package pdftex.def Info: Fig/ICA_sources_data2.png  used on input line 254.
(pdftex.def)             Requested size: 278.24104pt x 230.06636pt.

Overfull \hbox (53.02542pt too wide) in paragraph at lines 249--256
[]$[]$  $[]$ 
 []


Underfull \hbox (badness 10000) in paragraph at lines 260--266

 []




Package fancyhdr Warning: \headheight is too small (12.0pt): 
(fancyhdr)                Make it at least 13.59999pt, for example:
(fancyhdr)                \setlength{\headheight}{13.59999pt}.
(fancyhdr)                You might also make \topmargin smaller to compensate:
(fancyhdr)                \addtolength{\topmargin}{-1.59999pt}.

[8 <./Fig/dipole_fit_coreg_data1.png> <./Fig/ICA_sources_data1.png> <./Fig/ICA_sources_data2.png>]
<Fig/Fz_spectra_raw_data1.png, id=66, 804.00375pt x 524.71031pt>
File: Fig/Fz_spectra_raw_data1.png Graphic file (type png)
<use Fig/Fz_spectra_raw_data1.png>
Package pdftex.def Info: Fig/Fz_spectra_raw_data1.png  used on input line 277.
(pdftex.def)             Requested size: 562.7988pt x 367.29471pt.

Overfull \hbox (56.9088pt too wide) in paragraph at lines 277--279
 [] 
 []


Underfull \hbox (badness 10000) in paragraph at lines 274--281

 []

<Fig/Fz_spectra_preprocessed_data1.png, id=67, 794.2172pt x 524.71031pt>
File: Fig/Fz_spectra_preprocessed_data1.png Graphic file (type png)
<use Fig/Fz_spectra_preprocessed_data1.png>
Package pdftex.def Info: Fig/Fz_spectra_preprocessed_data1.png  used on input line 285.
(pdftex.def)             Requested size: 555.94824pt x 367.29471pt.

Overfull \hbox (50.05824pt too wide) in paragraph at lines 285--287
 [] 
 []




Package fancyhdr Warning: \headheight is too small (12.0pt): 
(fancyhdr)                Make it at least 13.59999pt, for example:
(fancyhdr)                \setlength{\headheight}{13.59999pt}.
(fancyhdr)                You might also make \topmargin smaller to compensate:
(fancyhdr)                \addtolength{\topmargin}{-1.59999pt}.

[9 <./Fig/Fz_spectra_raw_data1.png (PNG copy)>]
<Fig/Fz_spectra_raw_data2.png, id=71, 758.08218pt x 526.96875pt>
File: Fig/Fz_spectra_raw_data2.png Graphic file (type png)
<use Fig/Fz_spectra_raw_data2.png>
Package pdftex.def Info: Fig/Fz_spectra_raw_data2.png  used on input line 293.
(pdftex.def)             Requested size: 530.6539pt x 368.8756pt.

Overfull \hbox (24.7639pt too wide) in paragraph at lines 293--295
 [] 
 []




Package fancyhdr Warning: \headheight is too small (12.0pt): 
(fancyhdr)                Make it at least 13.59999pt, for example:
(fancyhdr)                \setlength{\headheight}{13.59999pt}.
(fancyhdr)                You might also make \topmargin smaller to compensate:
(fancyhdr)                \addtolength{\topmargin}{-1.59999pt}.

[10 <./Fig/Fz_spectra_preprocessed_data1.png (PNG copy)>]
<Fig/Fz_spectra_preprocessed_data2.png, id=75, 907.89188pt x 599.99156pt>
File: Fig/Fz_spectra_preprocessed_data2.png Graphic file (type png)
<use Fig/Fz_spectra_preprocessed_data2.png>
Package pdftex.def Info: Fig/Fz_spectra_preprocessed_data2.png  used on input line 301.
(pdftex.def)             Requested size: 544.73933pt x 359.99771pt.

Overfull \hbox (38.84933pt too wide) in paragraph at lines 301--303
 [] 
 []




Package fancyhdr Warning: \headheight is too small (12.0pt): 
(fancyhdr)                Make it at least 13.59999pt, for example:
(fancyhdr)                \setlength{\headheight}{13.59999pt}.
(fancyhdr)                You might also make \topmargin smaller to compensate:
(fancyhdr)                \addtolength{\topmargin}{-1.59999pt}.

[11 <./Fig/Fz_spectra_raw_data2.png (PNG copy)>]
Underfull \hbox (badness 10000) in paragraph at lines 308--309

 []

<Fig/brain_IC17_data1.png, id=80, 900.36375pt x 526.96875pt>
File: Fig/brain_IC17_data1.png Graphic file (type png)
<use Fig/brain_IC17_data1.png>
Package pdftex.def Info: Fig/brain_IC17_data1.png  used on input line 312.
(pdftex.def)             Requested size: 540.22243pt x 316.18369pt.

Overfull \hbox (34.33243pt too wide) in paragraph at lines 312--314
 [] 
 []




Package fancyhdr Warning: \headheight is too small (12.0pt): 
(fancyhdr)                Make it at least 13.59999pt, for example:
(fancyhdr)                \setlength{\headheight}{13.59999pt}.
(fancyhdr)                You might also make \topmargin smaller to compensate:
(fancyhdr)                \addtolength{\topmargin}{-1.59999pt}.

[12 <./Fig/Fz_spectra_preprocessed_data2.png (PNG copy)>]
<Fig/brain_IC12_data2.png, id=84, 914.2155pt x 540.8205pt>
File: Fig/brain_IC12_data2.png Graphic file (type png)
<use Fig/brain_IC12_data2.png>
Package pdftex.def Info: Fig/brain_IC12_data2.png  used on input line 320.
(pdftex.def)             Requested size: 548.53354pt x 324.4948pt.

Overfull \hbox (42.64354pt too wide) in paragraph at lines 320--322
 [] 
 []




Package fancyhdr Warning: \headheight is too small (12.0pt): 
(fancyhdr)                Make it at least 13.59999pt, for example:
(fancyhdr)                \setlength{\headheight}{13.59999pt}.
(fancyhdr)                You might also make \topmargin smaller to compensate:
(fancyhdr)                \addtolength{\topmargin}{-1.59999pt}.

[13 <./Fig/brain_IC17_data1.png>]
File: Fig/ICA_sources_data1.png Graphic file (type png)
<use Fig/ICA_sources_data1.png>
Package pdftex.def Info: Fig/ICA_sources_data1.png  used on input line 334.
(pdftex.def)             Requested size: 355.08769pt x 308.7143pt.

Underfull \hbox (badness 10000) in paragraph at lines 327--338

 []




Package fancyhdr Warning: \headheight is too small (12.0pt): 
(fancyhdr)                Make it at least 13.59999pt, for example:
(fancyhdr)                \setlength{\headheight}{13.59999pt}.
(fancyhdr)                You might also make \topmargin smaller to compensate:
(fancyhdr)                \addtolength{\topmargin}{-1.59999pt}.

[14 <./Fig/brain_IC12_data2.png>]
File: Fig/ICA_sources_data2.png Graphic file (type png)
<use Fig/ICA_sources_data2.png>
Package pdftex.def Info: Fig/ICA_sources_data2.png  used on input line 342.
(pdftex.def)             Requested size: 323.28879pt x 267.30948pt.
<Fig/channel_activity_data1.png, id=93, 667.293pt x 483.60675pt>
File: Fig/channel_activity_data1.png Graphic file (type png)
<use Fig/channel_activity_data1.png>
Package pdftex.def Info: Fig/channel_activity_data1.png  used on input line 351.
(pdftex.def)             Requested size: 367.01228pt x 265.98453pt.



Package fancyhdr Warning: \headheight is too small (12.0pt): 
(fancyhdr)                Make it at least 13.59999pt, for example:
(fancyhdr)                \setlength{\headheight}{13.59999pt}.
(fancyhdr)                You might also make \topmargin smaller to compensate:
(fancyhdr)                \addtolength{\topmargin}{-1.59999pt}.

[15]
<Fig/channel_activity_data2.png, id=97, 597.432pt x 413.74574pt>
File: Fig/channel_activity_data2.png Graphic file (type png)
<use Fig/channel_activity_data2.png>
Package pdftex.def Info: Fig/channel_activity_data2.png  used on input line 359.
(pdftex.def)             Requested size: 328.58861pt x 227.56085pt.

Underfull \hbox (badness 10000) in paragraph at lines 368--369

 []




Package fancyhdr Warning: \headheight is too small (12.0pt): 
(fancyhdr)                Make it at least 13.59999pt, for example:
(fancyhdr)                \setlength{\headheight}{13.59999pt}.
(fancyhdr)                You might also make \topmargin smaller to compensate:
(fancyhdr)                \addtolength{\topmargin}{-1.59999pt}.

[16 <./Fig/channel_activity_data1.png> <./Fig/channel_activity_data2.png>]
LaTeX Font Info:    Font shape `OT1/cmtt/bx/n' in size <10.95> not available
(Font)              Font shape `OT1/cmtt/m/n' tried instead on input line 372.


d:/MyFiles/Courses/Term4/Signals and Systems/Project/Phase2/latex/SignalProject1.tex:374: LaTeX Error: Command \textquotedbl unavailable in encoding OT1.

See the LaTeX manual or LaTeX Companion for explanation.
Type  H <return>  for immediate help.
 ...                                              
                                                  
l.374     mc02 = tt2Mat(edfread("c
                                  hb01_02.edf"));
Your command was ignored.
Type  I <command> <return>  to replace it with another command,
or  <return>  to continue without it.


d:/MyFiles/Courses/Term4/Signals and Systems/Project/Phase2/latex/SignalProject1.tex:374: LaTeX Error: Command \textquotedbl unavailable in encoding OT1.

See the LaTeX manual or LaTeX Companion for explanation.
Type  H <return>  for immediate help.
 ...                                              
                                                  
l.374     mc02 = tt2Mat(edfread("chb01_02.edf")
                                               );
Your command was ignored.
Type  I <command> <return>  to replace it with another command,
or  <return>  to continue without it.


d:/MyFiles/Courses/Term4/Signals and Systems/Project/Phase2/latex/SignalProject1.tex:375: LaTeX Error: Command \textquotedbl unavailable in encoding OT1.

See the LaTeX manual or LaTeX Companion for explanation.
Type  H <return>  for immediate help.
 ...                                              
                                                  
l.375     mc03 = tt2Mat(edfread("c
                                  hb01_03.edf"));
Your command was ignored.
Type  I <command> <return>  to replace it with another command,
or  <return>  to continue without it.


d:/MyFiles/Courses/Term4/Signals and Systems/Project/Phase2/latex/SignalProject1.tex:375: LaTeX Error: Command \textquotedbl unavailable in encoding OT1.

See the LaTeX manual or LaTeX Companion for explanation.
Type  H <return>  for immediate help.
 ...                                              
                                                  
l.375     mc03 = tt2Mat(edfread("chb01_03.edf")
                                               );
Your command was ignored.
Type  I <command> <return>  to replace it with another command,
or  <return>  to continue without it.


d:/MyFiles/Courses/Term4/Signals and Systems/Project/Phase2/latex/SignalProject1.tex:376: LaTeX Error: Command \textquotedbl unavailable in encoding OT1.

See the LaTeX manual or LaTeX Companion for explanation.
Type  H <return>  for immediate help.
 ...                                              
                                                  
l.376     mc04 = tt2Mat(edfread("c
                                  hb01_04.edf"));
Your command was ignored.
Type  I <command> <return>  to replace it with another command,
or  <return>  to continue without it.


d:/MyFiles/Courses/Term4/Signals and Systems/Project/Phase2/latex/SignalProject1.tex:376: LaTeX Error: Command \textquotedbl unavailable in encoding OT1.

See the LaTeX manual or LaTeX Companion for explanation.
Type  H <return>  for immediate help.
 ...                                              
                                                  
l.376     mc04 = tt2Mat(edfread("chb01_04.edf")
                                               );
Your command was ignored.
Type  I <command> <return>  to replace it with another command,
or  <return>  to continue without it.


d:/MyFiles/Courses/Term4/Signals and Systems/Project/Phase2/latex/SignalProject1.tex:377: LaTeX Error: Command \textquotedbl unavailable in encoding OT1.

See the LaTeX manual or LaTeX Companion for explanation.
Type  H <return>  for immediate help.
 ...                                              
                                                  
l.377     mc15 = tt2Mat(edfread("c
                                  hb01_15.edf"));
Your command was ignored.
Type  I <command> <return>  to replace it with another command,
or  <return>  to continue without it.


d:/MyFiles/Courses/Term4/Signals and Systems/Project/Phase2/latex/SignalProject1.tex:377: LaTeX Error: Command \textquotedbl unavailable in encoding OT1.

See the LaTeX manual or LaTeX Companion for explanation.
Type  H <return>  for immediate help.
 ...                                              
                                                  
l.377     mc15 = tt2Mat(edfread("chb01_15.edf")
                                               );
Your command was ignored.
Type  I <command> <return>  to replace it with another command,
or  <return>  to continue without it.


d:/MyFiles/Courses/Term4/Signals and Systems/Project/Phase2/latex/SignalProject1.tex:378: LaTeX Error: Command \textquotedbl unavailable in encoding OT1.

See the LaTeX manual or LaTeX Companion for explanation.
Type  H <return>  for immediate help.
 ...                                              
                                                  
l.378     mc16 = tt2Mat(edfread("c
                                  hb01_16.edf"));
Your command was ignored.
Type  I <command> <return>  to replace it with another command,
or  <return>  to continue without it.


d:/MyFiles/Courses/Term4/Signals and Systems/Project/Phase2/latex/SignalProject1.tex:378: LaTeX Error: Command \textquotedbl unavailable in encoding OT1.

See the LaTeX manual or LaTeX Companion for explanation.
Type  H <return>  for immediate help.
 ...                                              
                                                  
l.378     mc16 = tt2Mat(edfread("chb01_16.edf")
                                               );
Your command was ignored.
Type  I <command> <return>  to replace it with another command,
or  <return>  to continue without it.


d:/MyFiles/Courses/Term4/Signals and Systems/Project/Phase2/latex/SignalProject1.tex:379: LaTeX Error: Command \textquotedbl unavailable in encoding OT1.

See the LaTeX manual or LaTeX Companion for explanation.
Type  H <return>  for immediate help.
 ...                                              
                                                  
l.379     mc18 = tt2Mat(edfread("c
                                  hb01_18.edf"));
Your command was ignored.
Type  I <command> <return>  to replace it with another command,
or  <return>  to continue without it.


d:/MyFiles/Courses/Term4/Signals and Systems/Project/Phase2/latex/SignalProject1.tex:379: LaTeX Error: Command \textquotedbl unavailable in encoding OT1.

See the LaTeX manual or LaTeX Companion for explanation.
Type  H <return>  for immediate help.
 ...                                              
                                                  
l.379     mc18 = tt2Mat(edfread("chb01_18.edf")
                                               );
Your command was ignored.
Type  I <command> <return>  to replace it with another command,
or  <return>  to continue without it.


d:/MyFiles/Courses/Term4/Signals and Systems/Project/Phase2/latex/SignalProject1.tex:380: LaTeX Error: Command \textquotedbl unavailable in encoding OT1.

See the LaTeX manual or LaTeX Companion for explanation.
Type  H <return>  for immediate help.
 ...                                              
                                                  
l.380     mc26 = tt2Mat(edfread("c
                                  hb01_26.edf"));
Your command was ignored.
Type  I <command> <return>  to replace it with another command,
or  <return>  to continue without it.


d:/MyFiles/Courses/Term4/Signals and Systems/Project/Phase2/latex/SignalProject1.tex:380: LaTeX Error: Command \textquotedbl unavailable in encoding OT1.

See the LaTeX manual or LaTeX Companion for explanation.
Type  H <return>  for immediate help.
 ...                                              
                                                  
l.380     mc26 = tt2Mat(edfread("chb01_26.edf")
                                               );
Your command was ignored.
Type  I <command> <return>  to replace it with another command,
or  <return>  to continue without it.


Underfull \hbox (badness 10000) in paragraph at lines 383--384

 []


Underfull \hbox (badness 10000) in paragraph at lines 397--399

 []


d:/MyFiles/Courses/Term4/Signals and Systems/Project/Phase2/latex/SignalProject1.tex:402: LaTeX Error: Command \textquotedbl unavailable in encoding OT1.

See the LaTeX manual or LaTeX Companion for explanation.
Type  H <return>  for immediate help.
 ...                                              
                                                  
l.402     tt = edfread("c
                         hb01_18.edf");
Your command was ignored.
Type  I <command> <return>  to replace it with another command,
or  <return>  to continue without it.


d:/MyFiles/Courses/Term4/Signals and Systems/Project/Phase2/latex/SignalProject1.tex:402: LaTeX Error: Command \textquotedbl unavailable in encoding OT1.

See the LaTeX manual or LaTeX Companion for explanation.
Type  H <return>  for immediate help.
 ...                                              
                                                  
l.402     tt = edfread("chb01_18.edf")
                                      ;
Your command was ignored.
Type  I <command> <return>  to replace it with another command,
or  <return>  to continue without it.

<Fig/PSDspect.png, id=103, 752.0597pt x 541.27219pt>
File: Fig/PSDspect.png Graphic file (type png)
<use Fig/PSDspect.png>
Package pdftex.def Info: Fig/PSDspect.png  used on input line 410.
(pdftex.def)             Requested size: 451.2393pt x 324.76581pt.



Package fancyhdr Warning: \headheight is too small (12.0pt): 
(fancyhdr)                Make it at least 13.59999pt, for example:
(fancyhdr)                \setlength{\headheight}{13.59999pt}.
(fancyhdr)                You might also make \topmargin smaller to compensate:
(fancyhdr)                \addtolength{\topmargin}{-1.59999pt}.

[17]
Underfull \hbox (badness 10000) in paragraph at lines 417--418

 []


d:/MyFiles/Courses/Term4/Signals and Systems/Project/Phase2/latex/SignalProject1.tex:423: LaTeX Error: Command \textquotedbl unavailable in encoding OT1.

See the LaTeX manual or LaTeX Companion for explanation.
Type  H <return>  for immediate help.
 ...                                              
                                                  
l.423     mc02 = tt2Mat(edfread("c
                                  hb01_02.edf"));
Your command was ignored.
Type  I <command> <return>  to replace it with another command,
or  <return>  to continue without it.


d:/MyFiles/Courses/Term4/Signals and Systems/Project/Phase2/latex/SignalProject1.tex:423: LaTeX Error: Command \textquotedbl unavailable in encoding OT1.

See the LaTeX manual or LaTeX Companion for explanation.
Type  H <return>  for immediate help.
 ...                                              
                                                  
l.423     mc02 = tt2Mat(edfread("chb01_02.edf")
                                               );
Your command was ignored.
Type  I <command> <return>  to replace it with another command,
or  <return>  to continue without it.


Overfull \hbox (18.39589pt too wide) in paragraph at lines 424--425
[][][][][][][][][][][][][][][][][][][][][][][][][][][][][][][][][][][][][]  
 []

LaTeX Font Info:    Trying to load font information for TS1+cmtt on input line 426.
(C:\Users\Reza\AppData\Local\Programs\MiKTeX\tex/latex/base\ts1cmtt.fd
File: ts1cmtt.fd 2023/04/13 v2.5m Standard LaTeX font definitions
)
Underfull \hbox (badness 10000) in paragraph at lines 428--429

 []




Package fancyhdr Warning: \headheight is too small (12.0pt): 
(fancyhdr)                Make it at least 13.59999pt, for example:
(fancyhdr)                \setlength{\headheight}{13.59999pt}.
(fancyhdr)                You might also make \topmargin smaller to compensate:
(fancyhdr)                \addtolength{\topmargin}{-1.59999pt}.

[18 <./Fig/PSDspect.png (PNG copy)>]
<Fig/Entropy.png, id=113, 912.40875pt x 505.89pt>
File: Fig/Entropy.png Graphic file (type png)
<use Fig/Entropy.png>
Package pdftex.def Info: Fig/Entropy.png  used on input line 453.
(pdftex.def)             Requested size: 547.44948pt x 303.53633pt.

Overfull \hbox (41.55948pt too wide) in paragraph at lines 453--455
 [] 
 []


Underfull \hbox (badness 10000) in paragraph at lines 460--466

 []




Package fancyhdr Warning: \headheight is too small (12.0pt): 
(fancyhdr)                Make it at least 13.59999pt, for example:
(fancyhdr)                \setlength{\headheight}{13.59999pt}.
(fancyhdr)                You might also make \topmargin smaller to compensate:
(fancyhdr)                \addtolength{\topmargin}{-1.59999pt}.

[19 <./Fig/Entropy.png (PNG copy)>]

d:/MyFiles/Courses/Term4/Signals and Systems/Project/Phase2/latex/SignalProject1.tex:483: LaTeX Error: Command \textquotedbl unavailable in encoding OT1.

See the LaTeX manual or LaTeX Companion for explanation.
Type  H <return>  for immediate help.
 ...                                              
                                                  
l.483             info = [info "e
                                 nt" + string(i) + "-"+ string(j)];
Your command was ignored.
Type  I <command> <return>  to replace it with another command,
or  <return>  to continue without it.


d:/MyFiles/Courses/Term4/Signals and Systems/Project/Phase2/latex/SignalProject1.tex:483: LaTeX Error: Command \textquotedbl unavailable in encoding OT1.

See the LaTeX manual or LaTeX Companion for explanation.
Type  H <return>  for immediate help.
 ...                                              
                                                  
l.483             info = [info "ent" 
                                     + string(i) + "-"+ string(j)];
Your command was ignored.
Type  I <command> <return>  to replace it with another command,
or  <return>  to continue without it.


d:/MyFiles/Courses/Term4/Signals and Systems/Project/Phase2/latex/SignalProject1.tex:483: LaTeX Error: Command \textquotedbl unavailable in encoding OT1.

See the LaTeX manual or LaTeX Companion for explanation.
Type  H <return>  for immediate help.
 ...                                              
                                                  
l.483 ...   info = [info "ent" + string(i) + "-"+ 
                                                  string(j)];
Your command was ignored.
Type  I <command> <return>  to replace it with another command,
or  <return>  to continue without it.


d:/MyFiles/Courses/Term4/Signals and Systems/Project/Phase2/latex/SignalProject1.tex:483: LaTeX Error: Command \textquotedbl unavailable in encoding OT1.

See the LaTeX manual or LaTeX Companion for explanation.
Type  H <return>  for immediate help.
 ...                                              
                                                  
l.483 ...   info = [info "ent" + string(i) + "-"+ 
                                                  string(j)];
Your command was ignored.
Type  I <command> <return>  to replace it with another command,
or  <return>  to continue without it.


d:/MyFiles/Courses/Term4/Signals and Systems/Project/Phase2/latex/SignalProject1.tex:487: LaTeX Error: Command \textquotedbl unavailable in encoding OT1.

See the LaTeX manual or LaTeX Companion for explanation.
Type  H <return>  for immediate help.
 ...                                              
                                                  
l.487             info = [info "m
                                 ean" + string(i) + "-" + string(j)];
Your command was ignored.
Type  I <command> <return>  to replace it with another command,
or  <return>  to continue without it.


d:/MyFiles/Courses/Term4/Signals and Systems/Project/Phase2/latex/SignalProject1.tex:487: LaTeX Error: Command \textquotedbl unavailable in encoding OT1.

See the LaTeX manual or LaTeX Companion for explanation.
Type  H <return>  for immediate help.
 ...                                              
                                                  
l.487             info = [info "mean" 
                                      + string(i) + "-" + string(j)];
Your command was ignored.
Type  I <command> <return>  to replace it with another command,
or  <return>  to continue without it.


d:/MyFiles/Courses/Term4/Signals and Systems/Project/Phase2/latex/SignalProject1.tex:487: LaTeX Error: Command \textquotedbl unavailable in encoding OT1.

See the LaTeX manual or LaTeX Companion for explanation.
Type  H <return>  for immediate help.
 ...                                              
                                                  
l.487 ...   info = [info "mean" + string(i) + "-" 
                                                  + string(j)];
Your command was ignored.
Type  I <command> <return>  to replace it with another command,
or  <return>  to continue without it.


d:/MyFiles/Courses/Term4/Signals and Systems/Project/Phase2/latex/SignalProject1.tex:487: LaTeX Error: Command \textquotedbl unavailable in encoding OT1.

See the LaTeX manual or LaTeX Companion for explanation.
Type  H <return>  for immediate help.
 ...                                              
                                                  
l.487 ...   info = [info "mean" + string(i) + "-" 
                                                  + string(j)];
Your command was ignored.
Type  I <command> <return>  to replace it with another command,
or  <return>  to continue without it.


d:/MyFiles/Courses/Term4/Signals and Systems/Project/Phase2/latex/SignalProject1.tex:491: LaTeX Error: Command \textquotedbl unavailable in encoding OT1.

See the LaTeX manual or LaTeX Companion for explanation.
Type  H <return>  for immediate help.
 ...                                              
                                                  
l.491             info = [info "s
                                 td" + string(i) + "-" + string(j)];
Your command was ignored.
Type  I <command> <return>  to replace it with another command,
or  <return>  to continue without it.


d:/MyFiles/Courses/Term4/Signals and Systems/Project/Phase2/latex/SignalProject1.tex:491: LaTeX Error: Command \textquotedbl unavailable in encoding OT1.

See the LaTeX manual or LaTeX Companion for explanation.
Type  H <return>  for immediate help.
 ...                                              
                                                  
l.491             info = [info "std" 
                                     + string(i) + "-" + string(j)];
Your command was ignored.
Type  I <command> <return>  to replace it with another command,
or  <return>  to continue without it.


d:/MyFiles/Courses/Term4/Signals and Systems/Project/Phase2/latex/SignalProject1.tex:491: LaTeX Error: Command \textquotedbl unavailable in encoding OT1.

See the LaTeX manual or LaTeX Companion for explanation.
Type  H <return>  for immediate help.
 ...                                              
                                                  
l.491 ...    info = [info "std" + string(i) + "-" 
                                                  + string(j)];
Your command was ignored.
Type  I <command> <return>  to replace it with another command,
or  <return>  to continue without it.


d:/MyFiles/Courses/Term4/Signals and Systems/Project/Phase2/latex/SignalProject1.tex:491: LaTeX Error: Command \textquotedbl unavailable in encoding OT1.

See the LaTeX manual or LaTeX Companion for explanation.
Type  H <return>  for immediate help.
 ...                                              
                                                  
l.491 ...    info = [info "std" + string(i) + "-" 
                                                  + string(j)];
Your command was ignored.
Type  I <command> <return>  to replace it with another command,
or  <return>  to continue without it.


d:/MyFiles/Courses/Term4/Signals and Systems/Project/Phase2/latex/SignalProject1.tex:495: LaTeX Error: Command \textquotedbl unavailable in encoding OT1.

See the LaTeX manual or LaTeX Companion for explanation.
Type  H <return>  for immediate help.
 ...                                              
                                                  
l.495             info = [info "m
                                 ax" + string(i) + "-" + string(j)];
Your command was ignored.
Type  I <command> <return>  to replace it with another command,
or  <return>  to continue without it.


d:/MyFiles/Courses/Term4/Signals and Systems/Project/Phase2/latex/SignalProject1.tex:495: LaTeX Error: Command \textquotedbl unavailable in encoding OT1.

See the LaTeX manual or LaTeX Companion for explanation.
Type  H <return>  for immediate help.
 ...                                              
                                                  
l.495             info = [info "max" 
                                     + string(i) + "-" + string(j)];
Your command was ignored.
Type  I <command> <return>  to replace it with another command,
or  <return>  to continue without it.


d:/MyFiles/Courses/Term4/Signals and Systems/Project/Phase2/latex/SignalProject1.tex:495: LaTeX Error: Command \textquotedbl unavailable in encoding OT1.

See the LaTeX manual or LaTeX Companion for explanation.
Type  H <return>  for immediate help.
 ...                                              
                                                  
l.495 ...    info = [info "max" + string(i) + "-" 
                                                  + string(j)];
Your command was ignored.
Type  I <command> <return>  to replace it with another command,
or  <return>  to continue without it.


d:/MyFiles/Courses/Term4/Signals and Systems/Project/Phase2/latex/SignalProject1.tex:495: LaTeX Error: Command \textquotedbl unavailable in encoding OT1.

See the LaTeX manual or LaTeX Companion for explanation.
Type  H <return>  for immediate help.
 ...                                              
                                                  
l.495 ...    info = [info "max" + string(i) + "-" 
                                                  + string(j)];
Your command was ignored.
Type  I <command> <return>  to replace it with another command,
or  <return>  to continue without it.


d:/MyFiles/Courses/Term4/Signals and Systems/Project/Phase2/latex/SignalProject1.tex:499: LaTeX Error: Command \textquotedbl unavailable in encoding OT1.

See the LaTeX manual or LaTeX Companion for explanation.
Type  H <return>  for immediate help.
 ...                                              
                                                  
l.499             info = [info "m
                                 in" + string(i) + "-" + string(j)];
Your command was ignored.
Type  I <command> <return>  to replace it with another command,
or  <return>  to continue without it.


d:/MyFiles/Courses/Term4/Signals and Systems/Project/Phase2/latex/SignalProject1.tex:499: LaTeX Error: Command \textquotedbl unavailable in encoding OT1.

See the LaTeX manual or LaTeX Companion for explanation.
Type  H <return>  for immediate help.
 ...                                              
                                                  
l.499             info = [info "min" 
                                     + string(i) + "-" + string(j)];
Your command was ignored.
Type  I <command> <return>  to replace it with another command,
or  <return>  to continue without it.


d:/MyFiles/Courses/Term4/Signals and Systems/Project/Phase2/latex/SignalProject1.tex:499: LaTeX Error: Command \textquotedbl unavailable in encoding OT1.

See the LaTeX manual or LaTeX Companion for explanation.
Type  H <return>  for immediate help.
 ...                                              
                                                  
l.499 ...    info = [info "min" + string(i) + "-" 
                                                  + string(j)];
Your command was ignored.
Type  I <command> <return>  to replace it with another command,
or  <return>  to continue without it.


d:/MyFiles/Courses/Term4/Signals and Systems/Project/Phase2/latex/SignalProject1.tex:499: LaTeX Error: Command \textquotedbl unavailable in encoding OT1.

See the LaTeX manual or LaTeX Companion for explanation.
Type  H <return>  for immediate help.
 ...                                              
                                                  
l.499 ...    info = [info "min" + string(i) + "-" 
                                                  + string(j)];
Your command was ignored.
Type  I <command> <return>  to replace it with another command,
or  <return>  to continue without it.


d:/MyFiles/Courses/Term4/Signals and Systems/Project/Phase2/latex/SignalProject1.tex:514: LaTeX Error: Command \textquotedbl unavailable in encoding OT1.

See the LaTeX manual or LaTeX Companion for explanation.
Type  H <return>  for immediate help.
 ...                                              
                                                  
l.514             info = [info "e
                                 nt" + string(i) + "-"+ string(j)];
Your command was ignored.
Type  I <command> <return>  to replace it with another command,
or  <return>  to continue without it.


d:/MyFiles/Courses/Term4/Signals and Systems/Project/Phase2/latex/SignalProject1.tex:514: LaTeX Error: Command \textquotedbl unavailable in encoding OT1.

See the LaTeX manual or LaTeX Companion for explanation.
Type  H <return>  for immediate help.
 ...                                              
                                                  
l.514             info = [info "ent" 
                                     + string(i) + "-"+ string(j)];
Your command was ignored.
Type  I <command> <return>  to replace it with another command,
or  <return>  to continue without it.


d:/MyFiles/Courses/Term4/Signals and Systems/Project/Phase2/latex/SignalProject1.tex:514: LaTeX Error: Command \textquotedbl unavailable in encoding OT1.

See the LaTeX manual or LaTeX Companion for explanation.
Type  H <return>  for immediate help.
 ...                                              
                                                  
l.514 ...   info = [info "ent" + string(i) + "-"+ 
                                                  string(j)];
Your command was ignored.
Type  I <command> <return>  to replace it with another command,
or  <return>  to continue without it.


d:/MyFiles/Courses/Term4/Signals and Systems/Project/Phase2/latex/SignalProject1.tex:514: LaTeX Error: Command \textquotedbl unavailable in encoding OT1.

See the LaTeX manual or LaTeX Companion for explanation.
Type  H <return>  for immediate help.
 ...                                              
                                                  
l.514 ...   info = [info "ent" + string(i) + "-"+ 
                                                  string(j)];
Your command was ignored.
Type  I <command> <return>  to replace it with another command,
or  <return>  to continue without it.


d:/MyFiles/Courses/Term4/Signals and Systems/Project/Phase2/latex/SignalProject1.tex:518: LaTeX Error: Command \textquotedbl unavailable in encoding OT1.

See the LaTeX manual or LaTeX Companion for explanation.
Type  H <return>  for immediate help.
 ...                                              
                                                  
l.518             info = [info "m
                                 ean" + string(i) + "-" + string(j)];
Your command was ignored.
Type  I <command> <return>  to replace it with another command,
or  <return>  to continue without it.


d:/MyFiles/Courses/Term4/Signals and Systems/Project/Phase2/latex/SignalProject1.tex:518: LaTeX Error: Command \textquotedbl unavailable in encoding OT1.

See the LaTeX manual or LaTeX Companion for explanation.
Type  H <return>  for immediate help.
 ...                                              
                                                  
l.518             info = [info "mean" 
                                      + string(i) + "-" + string(j)];
Your command was ignored.
Type  I <command> <return>  to replace it with another command,
or  <return>  to continue without it.


d:/MyFiles/Courses/Term4/Signals and Systems/Project/Phase2/latex/SignalProject1.tex:518: LaTeX Error: Command \textquotedbl unavailable in encoding OT1.

See the LaTeX manual or LaTeX Companion for explanation.
Type  H <return>  for immediate help.
 ...                                              
                                                  
l.518 ...   info = [info "mean" + string(i) + "-" 
                                                  + string(j)];
Your command was ignored.
Type  I <command> <return>  to replace it with another command,
or  <return>  to continue without it.


d:/MyFiles/Courses/Term4/Signals and Systems/Project/Phase2/latex/SignalProject1.tex:518: LaTeX Error: Command \textquotedbl unavailable in encoding OT1.

See the LaTeX manual or LaTeX Companion for explanation.
Type  H <return>  for immediate help.
 ...                                              
                                                  
l.518 ...   info = [info "mean" + string(i) + "-" 
                                                  + string(j)];
Your command was ignored.
Type  I <command> <return>  to replace it with another command,
or  <return>  to continue without it.


d:/MyFiles/Courses/Term4/Signals and Systems/Project/Phase2/latex/SignalProject1.tex:522: LaTeX Error: Command \textquotedbl unavailable in encoding OT1.

See the LaTeX manual or LaTeX Companion for explanation.
Type  H <return>  for immediate help.
 ...                                              
                                                  
l.522             info = [info "s
                                 td" + string(i) + "-" + string(j)];
Your command was ignored.
Type  I <command> <return>  to replace it with another command,
or  <return>  to continue without it.


d:/MyFiles/Courses/Term4/Signals and Systems/Project/Phase2/latex/SignalProject1.tex:522: LaTeX Error: Command \textquotedbl unavailable in encoding OT1.

See the LaTeX manual or LaTeX Companion for explanation.
Type  H <return>  for immediate help.
 ...                                              
                                                  
l.522             info = [info "std" 
                                     + string(i) + "-" + string(j)];
Your command was ignored.
Type  I <command> <return>  to replace it with another command,
or  <return>  to continue without it.


d:/MyFiles/Courses/Term4/Signals and Systems/Project/Phase2/latex/SignalProject1.tex:522: LaTeX Error: Command \textquotedbl unavailable in encoding OT1.

See the LaTeX manual or LaTeX Companion for explanation.
Type  H <return>  for immediate help.
 ...                                              
                                                  
l.522 ...    info = [info "std" + string(i) + "-" 
                                                  + string(j)];
Your command was ignored.
Type  I <command> <return>  to replace it with another command,
or  <return>  to continue without it.


d:/MyFiles/Courses/Term4/Signals and Systems/Project/Phase2/latex/SignalProject1.tex:522: LaTeX Error: Command \textquotedbl unavailable in encoding OT1.

See the LaTeX manual or LaTeX Companion for explanation.
Type  H <return>  for immediate help.
 ...                                              
                                                  
l.522 ...    info = [info "std" + string(i) + "-" 
                                                  + string(j)];
Your command was ignored.
Type  I <command> <return>  to replace it with another command,
or  <return>  to continue without it.




Package fancyhdr Warning: \headheight is too small (12.0pt): 
(fancyhdr)                Make it at least 13.59999pt, for example:
(fancyhdr)                \setlength{\headheight}{13.59999pt}.
(fancyhdr)                You might also make \topmargin smaller to compensate:
(fancyhdr)                \addtolength{\topmargin}{-1.59999pt}.

[20]

d:/MyFiles/Courses/Term4/Signals and Systems/Project/Phase2/latex/SignalProject1.tex:526: LaTeX Error: Command \textquotedbl unavailable in encoding OT1.

See the LaTeX manual or LaTeX Companion for explanation.
Type  H <return>  for immediate help.
 ...                                              
                                                  
l.526             info = [info "m
                                 ax" + string(i) + "-" + string(j)];
Your command was ignored.
Type  I <command> <return>  to replace it with another command,
or  <return>  to continue without it.


d:/MyFiles/Courses/Term4/Signals and Systems/Project/Phase2/latex/SignalProject1.tex:526: LaTeX Error: Command \textquotedbl unavailable in encoding OT1.

See the LaTeX manual or LaTeX Companion for explanation.
Type  H <return>  for immediate help.
 ...                                              
                                                  
l.526             info = [info "max" 
                                     + string(i) + "-" + string(j)];
Your command was ignored.
Type  I <command> <return>  to replace it with another command,
or  <return>  to continue without it.


d:/MyFiles/Courses/Term4/Signals and Systems/Project/Phase2/latex/SignalProject1.tex:526: LaTeX Error: Command \textquotedbl unavailable in encoding OT1.

See the LaTeX manual or LaTeX Companion for explanation.
Type  H <return>  for immediate help.
 ...                                              
                                                  
l.526 ...    info = [info "max" + string(i) + "-" 
                                                  + string(j)];
Your command was ignored.
Type  I <command> <return>  to replace it with another command,
or  <return>  to continue without it.


d:/MyFiles/Courses/Term4/Signals and Systems/Project/Phase2/latex/SignalProject1.tex:526: LaTeX Error: Command \textquotedbl unavailable in encoding OT1.

See the LaTeX manual or LaTeX Companion for explanation.
Type  H <return>  for immediate help.
 ...                                              
                                                  
l.526 ...    info = [info "max" + string(i) + "-" 
                                                  + string(j)];
Your command was ignored.
Type  I <command> <return>  to replace it with another command,
or  <return>  to continue without it.


d:/MyFiles/Courses/Term4/Signals and Systems/Project/Phase2/latex/SignalProject1.tex:530: LaTeX Error: Command \textquotedbl unavailable in encoding OT1.

See the LaTeX manual or LaTeX Companion for explanation.
Type  H <return>  for immediate help.
 ...                                              
                                                  
l.530             info = [info "m
                                 in" + string(i) + "-" + string(j)];
Your command was ignored.
Type  I <command> <return>  to replace it with another command,
or  <return>  to continue without it.


d:/MyFiles/Courses/Term4/Signals and Systems/Project/Phase2/latex/SignalProject1.tex:530: LaTeX Error: Command \textquotedbl unavailable in encoding OT1.

See the LaTeX manual or LaTeX Companion for explanation.
Type  H <return>  for immediate help.
 ...                                              
                                                  
l.530             info = [info "min" 
                                     + string(i) + "-" + string(j)];
Your command was ignored.
Type  I <command> <return>  to replace it with another command,
or  <return>  to continue without it.


d:/MyFiles/Courses/Term4/Signals and Systems/Project/Phase2/latex/SignalProject1.tex:530: LaTeX Error: Command \textquotedbl unavailable in encoding OT1.

See the LaTeX manual or LaTeX Companion for explanation.
Type  H <return>  for immediate help.
 ...                                              
                                                  
l.530 ...    info = [info "min" + string(i) + "-" 
                                                  + string(j)];
Your command was ignored.
Type  I <command> <return>  to replace it with another command,
or  <return>  to continue without it.


d:/MyFiles/Courses/Term4/Signals and Systems/Project/Phase2/latex/SignalProject1.tex:530: LaTeX Error: Command \textquotedbl unavailable in encoding OT1.

See the LaTeX manual or LaTeX Companion for explanation.
Type  H <return>  for immediate help.
 ...                                              
                                                  
l.530 ...    info = [info "min" + string(i) + "-" 
                                                  + string(j)];
Your command was ignored.
Type  I <command> <return>  to replace it with another command,
or  <return>  to continue without it.


Underfull \hbox (badness 10000) in paragraph at lines 536--538

 []


Underfull \hbox (badness 10000) in paragraph at lines 575--578

 []




Package fancyhdr Warning: \headheight is too small (12.0pt): 
(fancyhdr)                Make it at least 13.59999pt, for example:
(fancyhdr)                \setlength{\headheight}{13.59999pt}.
(fancyhdr)                You might also make \topmargin smaller to compensate:
(fancyhdr)                \addtolength{\topmargin}{-1.59999pt}.

[21]
Underfull \hbox (badness 10000) in paragraph at lines 580--583

 []


Underfull \hbox (badness 10000) in paragraph at lines 589--590

 []


Underfull \hbox (badness 10000) in paragraph at lines 592--597

 []


Underfull \hbox (badness 10000) in paragraph at lines 604--605

 []


Underfull \hbox (badness 10000) in paragraph at lines 607--610

 []


Overfull \hbox (45.98988pt too wide) in paragraph at lines 612--613
[][][][][][][][][][][][][][][][][][][][][][][][][][][][][][][][][][][][][][][][][][][]  
 []




Package fancyhdr Warning: \headheight is too small (12.0pt): 
(fancyhdr)                Make it at least 13.59999pt, for example:
(fancyhdr)                \setlength{\headheight}{13.59999pt}.
(fancyhdr)                You might also make \topmargin smaller to compensate:
(fancyhdr)                \addtolength{\topmargin}{-1.59999pt}.

[22]
Overfull \hbox (45.98988pt too wide) in paragraph at lines 647--648
[][][][][][][][][][][][][][][][][][][][][][][][][][][][][][][][][][][][][][][][][][][]  
 []




Package fancyhdr Warning: \headheight is too small (12.0pt): 
(fancyhdr)                Make it at least 13.59999pt, for example:
(fancyhdr)                \setlength{\headheight}{13.59999pt}.
(fancyhdr)                You might also make \topmargin smaller to compensate:
(fancyhdr)                \addtolength{\topmargin}{-1.59999pt}.

[23]
File: Fig/PSDspect.png Graphic file (type png)
<use Fig/PSDspect.png>
Package pdftex.def Info: Fig/PSDspect.png  used on input line 688.
(pdftex.def)             Requested size: 451.2393pt x 324.76581pt.
<Fig/PSDspect2.png, id=131, 737.75626pt x 482.55281pt>
File: Fig/PSDspect2.png Graphic file (type png)
<use Fig/PSDspect2.png>
Package pdftex.def Info: Fig/PSDspect2.png  used on input line 696.
(pdftex.def)             Requested size: 442.65717pt x 289.5339pt.



Package fancyhdr Warning: \headheight is too small (12.0pt): 
(fancyhdr)                Make it at least 13.59999pt, for example:
(fancyhdr)                \setlength{\headheight}{13.59999pt}.
(fancyhdr)                You might also make \topmargin smaller to compensate:
(fancyhdr)                \addtolength{\topmargin}{-1.59999pt}.

[24]
<Fig/PSDspect3.png, id=135, 852.18375pt x 689.57625pt>
File: Fig/PSDspect3.png Graphic file (type png)
<use Fig/PSDspect3.png>
Package pdftex.def Info: Fig/PSDspect3.png  used on input line 704.
(pdftex.def)             Requested size: 511.3142pt x 413.74893pt.

Overfull \hbox (5.4242pt too wide) in paragraph at lines 704--706
 [] 
 []




Package fancyhdr Warning: \headheight is too small (12.0pt): 
(fancyhdr)                Make it at least 13.59999pt, for example:
(fancyhdr)                \setlength{\headheight}{13.59999pt}.
(fancyhdr)                You might also make \topmargin smaller to compensate:
(fancyhdr)                \addtolength{\topmargin}{-1.59999pt}.

[25 <./Fig/PSDspect2.png (PNG copy)>]
File: Fig/Entropy.png Graphic file (type png)
<use Fig/Entropy.png>
Package pdftex.def Info: Fig/Entropy.png  used on input line 713.
(pdftex.def)             Requested size: 547.44948pt x 303.53633pt.

Overfull \hbox (41.55948pt too wide) in paragraph at lines 713--715
 [] 
 []




Package fancyhdr Warning: \headheight is too small (12.0pt): 
(fancyhdr)                Make it at least 13.59999pt, for example:
(fancyhdr)                \setlength{\headheight}{13.59999pt}.
(fancyhdr)                You might also make \topmargin smaller to compensate:
(fancyhdr)                \addtolength{\topmargin}{-1.59999pt}.

[26 <./Fig/PSDspect3.png (PNG copy)>]
<Fig/Feat1.png, id=142, 633.567pt x 255.95625pt>
File: Fig/Feat1.png Graphic file (type png)
<use Fig/Feat1.png>
Package pdftex.def Info: Fig/Feat1.png  used on input line 726.
(pdftex.def)             Requested size: 380.14314pt x 153.57492pt.
<Fig/Feat2.png, id=143, 651.6345pt x 263.18324pt>
File: Fig/Feat2.png Graphic file (type png)
<use Fig/Feat2.png>
Package pdftex.def Info: Fig/Feat2.png  used on input line 734.
(pdftex.def)             Requested size: 390.98372pt x 157.91116pt.



Package fancyhdr Warning: \headheight is too small (12.0pt): 
(fancyhdr)                Make it at least 13.59999pt, for example:
(fancyhdr)                \setlength{\headheight}{13.59999pt}.
(fancyhdr)                You might also make \topmargin smaller to compensate:
(fancyhdr)                \addtolength{\topmargin}{-1.59999pt}.

[27 <./Fig/Feat1.png>]
<Fig/Feat3.png, id=148, 654.64575pt x 264.99pt>
File: Fig/Feat3.png Graphic file (type png)
<use Fig/Feat3.png>
Package pdftex.def Info: Fig/Feat3.png  used on input line 742.
(pdftex.def)             Requested size: 392.79048pt x 158.99522pt.

Underfull \hbox (badness 10000) in paragraph at lines 748--752

 []


Underfull \hbox (badness 10000) in paragraph at lines 755--757

 []




Package fancyhdr Warning: \headheight is too small (12.0pt): 
(fancyhdr)                Make it at least 13.59999pt, for example:
(fancyhdr)                \setlength{\headheight}{13.59999pt}.
(fancyhdr)                You might also make \topmargin smaller to compensate:
(fancyhdr)                \addtolength{\topmargin}{-1.59999pt}.

[28 <./Fig/Feat2.png> <./Fig/Feat3.png>] (SignalProject1.aux)
 ***********
LaTeX2e <2024-11-01>
L3 programming layer <2024-11-02>
 ***********


LaTeX Warning: Label(s) may have changed. Rerun to get cross-references right.

 ) 
Here is how much of TeX's memory you used:
 7445 strings out of 473682
 118087 string characters out of 5719691
 879744 words of memory out of 5000000
 30437 multiletter control sequences out of 15000+600000
 569168 words of font info for 77 fonts, out of 8000000 for 9000
 1141 hyphenation exceptions out of 8191
 57i,12n,65p,307b,1882s stack positions out of 10000i,1000n,20000p,200000b,200000s
 <C:\Users\Reza\AppData\Local\MiKTeX\fonts/pk/ljfour/jknappen/ec/dpi600\tctt1095.pk><C:/Users/Reza/AppData/Local/Programs/MiKTeX/fonts/type1/public/amsfonts/cm/cmbx10.pfb><C:/Users/Reza/AppData/Local/Programs/MiKTeX/fonts/type1/public/amsfonts/cm/cmbx12.pfb><C:/Users/Reza/AppData/Local/Programs/MiKTeX/fonts/type1/public/amsfonts/cm/cmmi8.pfb><C:/Users/Reza/AppData/Local/Programs/MiKTeX/fonts/type1/public/amsfonts/cm/cmr10.pfb><C:/Users/Reza/AppData/Local/Programs/MiKTeX/fonts/type1/public/amsfonts/cm/cmr12.pfb><C:/Users/Reza/AppData/Local/Programs/MiKTeX/fonts/type1/public/amsfonts/cm/cmr8.pfb><C:/Users/Reza/AppData/Local/Programs/MiKTeX/fonts/type1/public/amsfonts/cm/cmr9.pfb><C:/Users/Reza/AppData/Local/Programs/MiKTeX/fonts/type1/public/amsfonts/cm/cmsy10.pfb><C:/Users/Reza/AppData/Local/Programs/MiKTeX/fonts/type1/public/amsfonts/cm/cmtt10.pfb>
Output written on SignalProject1.pdf (30 pages, 3173674 bytes).
PDF statistics:
 196 PDF objects out of 1000 (max. 8388607)
 0 named destinations out of 1000 (max. 500000)
 161 words of extra memory for PDF output out of 10000 (max. 10000000)

